<?xml version="1.0" encoding="UTF-8"?>
<testsuites name="Verify Account" time="1220.242" tests="3" failures="2" errors="0">
   <testsuite name="Verify Account" tests="3" failures="2" errors="0" time="1220.242" skipped="0" timestamp="2024-03-06 09:37:03" hostname="00145409nuralianatasha - 192.168.1.109" id="Test Suites/SOW2/Verify Account">
      <properties>
[...]
</properties>
      <testcase name="Test Cases/RETAILFX-SOW2 Market Order/Market and Account Selection Validation/SOW2 - Market Order Validation" time="562.838" classname="Test Cases/RETAILFX-SOW2 Market Order/Market and Account Selection Validation/SOW2 - Market Order Validation" status="FAILED">
         <failure type="FAILED" message="Test Cases/RETAILFX-SOW2 Market Order/Market and Account Selection Validation/SOW2 - Market Order Validation FAILED.
Reason:
com.kms.katalon.core.exception.StepFailedException: Actual text '951.10' and expected text '47.55' of test object 'Object Repository/SOW2-Market Order/android.widget.TextView _EditText' are NOT matched.
	at com.kms.katalon.core.keyword.internal.KeywordMain.stepFailed(KeywordMain.groovy:39)
	at com.kms.katalon.core.mobile.keyword.internal.MobileKeywordMain.stepFailed(MobileKeywordMain.groovy:40)
	at com.kms.katalon.core.mobile.keyword.builtin.VerifyElementTextKeyword$_verifyElementText_closure1.doCall(VerifyElementTextKeyword.groovy:56)
	at com.kms.katalon.core.mobile.keyword.builtin.VerifyElementTextKeyword$_verifyElementText_closure1.call(VerifyElementTextKeyword.groovy)
	at com.kms.katalon.core.mobile.keyword.internal.MobileKeywordMain.runKeyword(MobileKeywordMain.groovy:21)
	at com.kms.katalon.core.mobile.keyword.builtin.VerifyElementTextKeyword.verifyElementText(VerifyElementTextKeyword.groovy:62)
	at com.kms.katalon.core.mobile.keyword.builtin.VerifyElementTextKeyword.execute(VerifyElementTextKeyword.groovy:39)
	at com.kms.katalon.core.keyword.internal.KeywordExecutor.executeKeywordForPlatform(KeywordExecutor.groovy:74)
	at com.kms.katalon.core.mobile.keyword.MobileBuiltInKeywords.verifyElementText(MobileBuiltInKeywords.groovy:2885)
	at com.kms.katalon.core.mobile.keyword.MobileBuiltInKeywords$verifyElementText$9.call(Unknown Source)
	at SOW2 - Market Order Validation.run(SOW2 - Market Order Validation:175)
	at com.kms.katalon.core.main.ScriptEngine.run(ScriptEngine.java:194)
	at com.kms.katalon.core.main.ScriptEngine.runScriptAsRawText(ScriptEngine.java:119)
	at com.kms.katalon.core.main.TestCaseExecutor.runScript(TestCaseExecutor.java:448)
	at com.kms.katalon.core.main.TestCaseExecutor.doExecute(TestCaseExecutor.java:439)
	at com.kms.katalon.core.main.TestCaseExecutor.processExecutionPhase(TestCaseExecutor.java:418)
	at com.kms.katalon.core.main.TestCaseExecutor.accessMainPhase(TestCaseExecutor.java:410)
	at com.kms.katalon.core.main.TestCaseExecutor.execute(TestCaseExecutor.java:285)
	at com.kms.katalon.core.common.CommonExecutor.accessTestCaseMainPhase(CommonExecutor.java:65)
	at com.kms.katalon.core.main.TestSuiteExecutor.accessTestSuiteMainPhase(TestSuiteExecutor.java:148)
	at com.kms.katalon.core.main.TestSuiteExecutor.execute(TestSuiteExecutor.java:106)
	at com.kms.katalon.core.main.TestCaseMain.startTestSuite(TestCaseMain.java:187)
	at com.kms.katalon.core.main.TestCaseMain$startTestSuite$0.call(Unknown Source)
	at TempTestSuite1709689014903.run(TempTestSuite1709689014903.groovy:36)
"/>
         <system-out><![CDATA[2024-03-06 09:37:03 - [TEST_CASE][FAILED] - Test Cases/RETAILFX-SOW2 Market Order/Market and Account Selection Validation/SOW2 - Market Order Validation: Test Cases/RETAILFX-SOW2 Market Order/Market and Account Selection Validation/SOW2 - Market Order Validation FAILED.
Reason:
com.kms.katalon.core.exception.StepFailedException: Actual text '951.10' and expected text '47.55' of test object 'Object Repository/SOW2-Market Order/android.widget.TextView _EditText' are NOT matched.
	at com.kms.katalon.core.keyword.internal.KeywordMain.stepFailed(KeywordMain.groovy:39)
	at com.kms.katalon.core.mobile.keyword.internal.MobileKeywordMain.stepFailed(MobileKeywordMain.groovy:40)
	at com.kms.katalon.core.mobile.keyword.builtin.VerifyElementTextKeyword$_verifyElementText_closure1.doCall(VerifyElementTextKeyword.groovy:56)
	at com.kms.katalon.core.mobile.keyword.builtin.VerifyElementTextKeyword$_verifyElementText_closure1.call(VerifyElementTextKeyword.groovy)
	at com.kms.katalon.core.mobile.keyword.internal.MobileKeywordMain.runKeyword(MobileKeywordMain.groovy:21)
	at com.kms.katalon.core.mobile.keyword.builtin.VerifyElementTextKeyword.verifyElementText(VerifyElementTextKeyword.groovy:62)
	at com.kms.katalon.core.mobile.keyword.builtin.VerifyElementTextKeyword.execute(VerifyElementTextKeyword.groovy:39)
	at com.kms.katalon.core.keyword.internal.KeywordExecutor.executeKeywordForPlatform(KeywordExecutor.groovy:74)
	at com.kms.katalon.core.mobile.keyword.MobileBuiltInKeywords.verifyElementText(MobileBuiltInKeywords.groovy:2885)
	at com.kms.katalon.core.mobile.keyword.MobileBuiltInKeywords$verifyElementText$9.call(Unknown Source)
	at SOW2 - Market Order Validation.run(SOW2 - Market Order Validation:175)
	at com.kms.katalon.core.main.ScriptEngine.run(ScriptEngine.java:194)
	at com.kms.katalon.core.main.ScriptEngine.runScriptAsRawText(ScriptEngine.java:119)
	at com.kms.katalon.core.main.TestCaseExecutor.runScript(TestCaseExecutor.java:448)
	at com.kms.katalon.core.main.TestCaseExecutor.doExecute(TestCaseExecutor.java:439)
	at com.kms.katalon.core.main.TestCaseExecutor.processExecutionPhase(TestCaseExecutor.java:418)
	at com.kms.katalon.core.main.TestCaseExecutor.accessMainPhase(TestCaseExecutor.java:410)
	at com.kms.katalon.core.main.TestCaseExecutor.execute(TestCaseExecutor.java:285)
	at com.kms.katalon.core.common.CommonExecutor.accessTestCaseMainPhase(CommonExecutor.java:65)
	at com.kms.katalon.core.main.TestSuiteExecutor.accessTestSuiteMainPhase(TestSuiteExecutor.java:148)
	at com.kms.katalon.core.main.TestSuiteExecutor.execute(TestSuiteExecutor.java:106)
	at com.kms.katalon.core.main.TestCaseMain.startTestSuite(TestCaseMain.java:187)
	at com.kms.katalon.core.main.TestCaseMain$startTestSuite$0.call(Unknown Source)
	at TempTestSuite1709689014903.run(TempTestSuite1709689014903.groovy:36)


2024-03-06 09:37:04 - [TEST_STEP][PASSED] - startExistingApplication("com.maybank2u.life.uat"): Starting app with application ID: 'com.maybank2u.life.uat'

2024-03-06 09:37:04 - [MESSAGE][INFO] - User set preference: ['appWaitActivity', '']

2024-03-06 09:37:04 - [MESSAGE][INFO] - User set preference: ['autoGrantPermission', 'true']

2024-03-06 09:37:04 - [MESSAGE][INFO] - User set preference: ['noReset', 'true']

2024-03-06 09:37:04 - [MESSAGE][INFO] - User set preference: ['deviceId', '']

2024-03-06 09:37:04 - [MESSAGE][INFO] - User set preference: ['newCommandTimeout', '10000']

2024-03-06 09:37:05 - [MESSAGE][INFO] - Detected NodeJS location: "/opt/homebrew/Cellar/node/20.2.0/bin/node"

2024-03-06 09:37:05 - [MESSAGE][INFO] - Appium server started on port 51,909

2024-03-06 09:37:20 - [MESSAGE][PASSED] - Starting app with application ID: 'com.maybank2u.life.uat'

2024-03-06 09:37:20 - [TEST_STEP][PASSED] - utilities.Entry_Point.Quick_Action(8): utilities.Entry_Point.Quick_Action is PASSED

2024-03-06 09:37:20 - [MESSAGE][WARNING] - Timeout '0' is invalid. Using default page load timeout: '30'

2024-03-06 09:37:31 - [MESSAGE][PASSED] - Element 'Object Repository/Dashboard_Login/android.widget.TextView - Login' is visible

2024-03-06 09:37:31 - [MESSAGE][PASSED] - Screenshot is taken
[[ATTACHMENT|/Users/00145409nuralianatasha/Desktop/automation_Retail_FX(public_git)/Reports/20240306_093654/SOW2/Verify Account/20240306_093654/1709689051180.png]]

2024-03-06 09:37:31 - [MESSAGE][WARNING] - Timeout '0' is invalid. Using default page load timeout: '30'

2024-03-06 09:37:31 - [MESSAGE][PASSED] - Tapped on element 'Object Repository/Dashboard_Login/android.widget.TextView - Login'

2024-03-06 09:37:42 - [MESSAGE][PASSED] - Delayed 10 second(s)

2024-03-06 09:37:42 - [MESSAGE][PASSED] - Tapped on element 'Object Repository/Calc_Numpad/android.widget.TextView - 1'

2024-03-06 09:37:43 - [MESSAGE][PASSED] - Delayed 1 second(s)

2024-03-06 09:37:53 - [MESSAGE][PASSED] - Delayed 10 second(s)

2024-03-06 09:37:53 - [MESSAGE][PASSED] - Tapped on element 'Object Repository/Calc_Numpad/android.widget.TextView - 1'

2024-03-06 09:37:54 - [MESSAGE][PASSED] - Delayed 1 second(s)

2024-03-06 09:38:04 - [MESSAGE][PASSED] - Delayed 10 second(s)

2024-03-06 09:38:04 - [MESSAGE][PASSED] - Tapped on element 'Object Repository/Calc_Numpad/android.widget.TextView - 1'

2024-03-06 09:38:05 - [MESSAGE][PASSED] - Delayed 1 second(s)

2024-03-06 09:38:15 - [MESSAGE][PASSED] - Delayed 10 second(s)

2024-03-06 09:38:15 - [MESSAGE][PASSED] - Tapped on element 'Object Repository/Calc_Numpad/android.widget.TextView - 1'

2024-03-06 09:38:16 - [MESSAGE][PASSED] - Delayed 1 second(s)

2024-03-06 09:38:26 - [MESSAGE][PASSED] - Delayed 10 second(s)

2024-03-06 09:38:27 - [MESSAGE][PASSED] - Tapped on element 'Object Repository/Calc_Numpad/android.widget.TextView - 1'

2024-03-06 09:38:28 - [MESSAGE][PASSED] - Delayed 1 second(s)

2024-03-06 09:38:38 - [MESSAGE][PASSED] - Delayed 10 second(s)

2024-03-06 09:38:38 - [MESSAGE][PASSED] - Tapped on element 'Object Repository/Calc_Numpad/android.widget.TextView - 1'

2024-03-06 09:38:39 - [MESSAGE][PASSED] - Delayed 1 second(s)

2024-03-06 09:38:40 - [MESSAGE][WARNING] - Timeout '0' is invalid. Using default page load timeout: '30'

2024-03-06 09:38:40 - [MESSAGE][PASSED] - Element 'Object Repository/Dashboard_Login/User_name' is present

2024-03-06 09:38:40 - [MESSAGE][WARNING] - Timeout '0' is invalid. Using default page load timeout: '30'

2024-03-06 09:38:40 - [MESSAGE][PASSED] - Element 'Object Repository/Dashboard_Login/User_name' is exist

2024-03-06 09:38:41 - [MESSAGE][PASSED] - Screenshot is taken
[[ATTACHMENT|/Users/00145409nuralianatasha/Desktop/automation_Retail_FX(public_git)/Reports/20240306_093654/SOW2/Verify Account/20240306_093654/1709689120918.png]]

2024-03-06 09:38:41 - [MESSAGE][WARNING] - Timeout '0' is invalid. Using default page load timeout: '30'

2024-03-06 09:38:41 - [MESSAGE][PASSED] - Tapped on element 'Object Repository/Mange_Quick_Actions/android.widget.TextView - Customise'

2024-03-06 09:38:41 - [MESSAGE][WARNING] - Timeout '0' is invalid. Using default page load timeout: '30'

2024-03-06 09:38:42 - [MESSAGE][PASSED] - Element 'Object Repository/Mange_Quick_Actions/android.widget.TextView - Manage Quick Actions' is present

2024-03-06 09:38:42 - [MESSAGE][WARNING] - Timeout '0' is invalid. Using default page load timeout: '30'

2024-03-06 09:38:42 - [MESSAGE][PASSED] - Element 'Object Repository/Mange_Quick_Actions/android.widget.TextView - Manage Quick Actions' is exist

2024-03-06 09:38:43 - [MESSAGE][WARNING] - Timeout '0' is invalid. Using default page load timeout: '30'

2024-03-06 09:38:43 - [MESSAGE][PASSED] - Element 'Object Repository/Mange_Quick_Actions/android.widget.TextView - Simply hold and drag to rearrange the actions' is exist

2024-03-06 09:38:43 - [MESSAGE][WARNING] - Timeout '0' is invalid. Using default page load timeout: '30'

2024-03-06 09:38:43 - [MESSAGE][PASSED] - Element 'Object Repository/Mange_Quick_Actions/android.widget.TextView - Your current favourite actions' is exist

2024-03-06 09:38:43 - [MESSAGE][WARNING] - Timeout '0' is invalid. Using default page load timeout: '30'

2024-03-06 09:38:43 - [MESSAGE][PASSED] - Object 'Object Repository/Mange_Quick_Actions/android.widget.TextView - Save Changes' has attribute 'clickable' with value 'false'

2024-03-06 09:38:43 - [MESSAGE][PASSED] - Screenshot is taken
[[ATTACHMENT|/Users/00145409nuralianatasha/Desktop/automation_Retail_FX(public_git)/Reports/20240306_093654/SOW2/Verify Account/20240306_093654/1709689123349.png]]

2024-03-06 09:38:43 - [MESSAGE][WARNING] - Timeout '0' is invalid. Using default page load timeout: '30'

2024-03-06 09:38:43 - [MESSAGE][PASSED] - Tapped on element 'Object Repository/Mange_Quick_Actions/android.widget.Remove_Image'

2024-03-06 09:38:44 - [MESSAGE][PASSED] - Swiped from 271,1,756 to 0,0

2024-03-06 09:38:45 - [MESSAGE][PASSED] - Screenshot is taken
[[ATTACHMENT|/Users/00145409nuralianatasha/Desktop/automation_Retail_FX(public_git)/Reports/20240306_093654/SOW2/Verify Account/20240306_093654/1709689124819.png]]

2024-03-06 09:38:45 - [MESSAGE][WARNING] - Timeout '0' is invalid. Using default page load timeout: '30'

2024-03-06 09:38:45 - [MESSAGE][PASSED] - Tapped on element 'Object Repository/Mange_Quick_Actions/android.widget.TextView - Currency Exchange'

2024-03-06 09:38:45 - [MESSAGE][WARNING] - Timeout '0' is invalid. Using default page load timeout: '30'

2024-03-06 09:38:45 - [MESSAGE][PASSED] - Tapped on element 'Object Repository/Mange_Quick_Actions/android.widget.TextView - Save Changes'

2024-03-06 09:38:46 - [MESSAGE][PASSED] - Screenshot is taken
[[ATTACHMENT|/Users/00145409nuralianatasha/Desktop/automation_Retail_FX(public_git)/Reports/20240306_093654/SOW2/Verify Account/20240306_093654/1709689125958.png]]

2024-03-06 09:38:46 - [MESSAGE][WARNING] - Timeout '0' is invalid. Using default page load timeout: '30'

2024-03-06 09:38:47 - [MESSAGE][PASSED] - Element 'Object Repository/Quick_Action/android.widget.TextView - Currency Exchange' is exist

2024-03-06 09:38:47 - [MESSAGE][WARNING] - Timeout '0' is invalid. Using default page load timeout: '30'

2024-03-06 09:38:47 - [MESSAGE][PASSED] - Tapped on element 'Object Repository/Quick_Action/android.widget.TextView - Currency Exchange'

2024-03-06 09:38:47 - [MESSAGE][WARNING] - Timeout '0' is invalid. Using default page load timeout: '30'

2024-03-06 09:38:49 - [MESSAGE][PASSED] - Tapped on element 'Object Repository/Global Account Page/dynamicText'

2024-03-06 09:38:49 - [MESSAGE][WARNING] - Timeout '0' is invalid. Using default page load timeout: '30'

2024-03-06 09:38:49 - [MESSAGE][PASSED] - Tapped on element 'Object Repository/Global Account Page/dynamicText'

2024-03-06 09:38:49 - [MESSAGE][PASSED] - utilities.Entry_Point.Quick_Action is PASSED

2024-03-06 09:38:49 - [TEST_STEP][PASSED] - checkLinkedDevice = Validation.checkElementExists("Object Repository/Market Order Page/android.widget.TextView - Enter your password"): Element 'Object Repository/Market Order Page/android.widget.TextView - Enter your password' is exist

2024-03-06 09:38:52 - [MESSAGE][PASSED] - Element 'Object Repository/Market Order Page/android.widget.TextView - Enter your password' is exist

2024-03-06 09:38:52 - [TEST_STEP][PASSED] - if (checkLinkedDevice == true): Tapped on element 'Object Repository/Global Account Page/dynamicText'

2024-03-06 09:38:52 - [TEST_STEP][PASSED] - setText(findTestObject("Object Repository/Dashboard_Login/Onboarding_Login/Password"), findTestData("Username_Password").getValue("Password", 8), 0, CONTINUE_ON_FAILURE): Text 'Maybank@1' has been set to element 'Object Repository/Dashboard_Login/Onboarding_Login/Password'

2024-03-06 09:38:52 - [MESSAGE][WARNING] - Timeout '0' is invalid. Using default page load timeout: '30'

2024-03-06 09:38:53 - [MESSAGE][PASSED] - Text 'Maybank@1' has been set to element 'Object Repository/Dashboard_Login/Onboarding_Login/Password'

2024-03-06 09:38:53 - [TEST_STEP][PASSED] - hideKeyboard(CONTINUE_ON_FAILURE): Keyboard is hidden

2024-03-06 09:38:55 - [MESSAGE][PASSED] - Keyboard is hidden

2024-03-06 09:38:55 - [TEST_STEP][PASSED] - takeScreenshot(): Screenshot is taken

2024-03-06 09:38:55 - [MESSAGE][PASSED] - Screenshot is taken
[[ATTACHMENT|/Users/00145409nuralianatasha/Desktop/automation_Retail_FX(public_git)/Reports/20240306_093654/SOW2/Verify Account/20240306_093654/1709689135329.png]]

2024-03-06 09:38:55 - [TEST_STEP][PASSED] - tap(findTestObject("Global Account Page/dynamicText", ["text":"Continue"]), 10, CONTINUE_ON_FAILURE): Tapped on element 'Object Repository/Global Account Page/dynamicText'

2024-03-06 09:38:56 - [MESSAGE][PASSED] - Tapped on element 'Object Repository/Global Account Page/dynamicText'

2024-03-06 09:38:56 - [TEST_STEP][PASSED] - delay(10): Delayed 10 second(s)

2024-03-06 09:39:06 - [MESSAGE][PASSED] - Delayed 10 second(s)

2024-03-06 09:39:06 - [TEST_STEP][PASSED] - Validation.Terms_Condition(): Element 'Object Repository/SOW2-Market Order/Agreement/android.widget.TextView - Terms  Conditions' not found

2024-03-06 09:39:16 - [MESSAGE][WARNING] - Element 'Object Repository/SOW2-Market Order/Agreement/android.widget.TextView - Terms  Conditions' not found

2024-03-06 09:39:16 - [TEST_STEP][PASSED] - comment("TC036"): TC036

2024-03-06 09:39:16 - [MESSAGE][INFO] - TC036

2024-03-06 09:39:16 - [TEST_STEP][PASSED] - delay(15): Delayed 15 second(s)

2024-03-06 09:39:31 - [MESSAGE][PASSED] - Delayed 15 second(s)

2024-03-06 09:39:31 - [TEST_STEP][PASSED] - tap(findTestObject("Object Repository/SOW2-Market Order/Convert_Dropdown/android.widget.TextView - Convert_Dropdown"), 5, OPTIONAL): Tapped on element 'Object Repository/SOW2-Market Order/Convert_Dropdown/android.widget.TextView - Convert_Dropdown'

2024-03-06 09:39:31 - [MESSAGE][PASSED] - Tapped on element 'Object Repository/SOW2-Market Order/Convert_Dropdown/android.widget.TextView - Convert_Dropdown'

2024-03-06 09:39:31 - [TEST_STEP][PASSED] - verifyElementExist(findTestObject("Global Account Page/dynamicText", ["text":"MYR - Malaysian Ringgit"]), 5, CONTINUE_ON_FAILURE): Element 'Object Repository/Global Account Page/dynamicText' is exist

2024-03-06 09:39:32 - [MESSAGE][PASSED] - Element 'Object Repository/Global Account Page/dynamicText' is exist

2024-03-06 09:39:32 - [TEST_STEP][PASSED] - verifyElementExist(findTestObject("Global Account Page/dynamicText", ["text":"USD - US Dollar"]), 5, CONTINUE_ON_FAILURE): Element 'Object Repository/Global Account Page/dynamicText' is exist

2024-03-06 09:39:32 - [MESSAGE][PASSED] - Element 'Object Repository/Global Account Page/dynamicText' is exist

2024-03-06 09:39:32 - [TEST_STEP][PASSED] - verifyElementExist(findTestObject("Global Account Page/dynamicText", ["text":"GBP - British Pound Sterling"]), 5, CONTINUE_ON_FAILURE): Element 'Object Repository/Global Account Page/dynamicText' is exist

2024-03-06 09:39:32 - [MESSAGE][PASSED] - Element 'Object Repository/Global Account Page/dynamicText' is exist

2024-03-06 09:39:32 - [TEST_STEP][PASSED] - takeScreenshot(): Screenshot is taken

2024-03-06 09:39:33 - [MESSAGE][PASSED] - Screenshot is taken
[[ATTACHMENT|/Users/00145409nuralianatasha/Desktop/automation_Retail_FX(public_git)/Reports/20240306_093654/SOW2/Verify Account/20240306_093654/1709689172673.png]]

2024-03-06 09:39:33 - [TEST_STEP][PASSED] - tap(findTestObject("Global Account Page/dynamicText", ["text":"MYR - Malaysian Ringgit"]), 0, CONTINUE_ON_FAILURE): Tapped on element 'Object Repository/Global Account Page/dynamicText'

2024-03-06 09:39:33 - [MESSAGE][WARNING] - Timeout '0' is invalid. Using default page load timeout: '30'

2024-03-06 09:39:33 - [MESSAGE][PASSED] - Tapped on element 'Object Repository/Global Account Page/dynamicText'

2024-03-06 09:39:33 - [TEST_STEP][PASSED] - waitForElementPresent(findTestObject("Global Account Page/dynamicText", ["text":"Step 1 of 2"]), 5, CONTINUE_ON_FAILURE): Element 'Object Repository/Global Account Page/dynamicText' is present

2024-03-06 09:39:34 - [MESSAGE][PASSED] - Element 'Object Repository/Global Account Page/dynamicText' is present

2024-03-06 09:39:34 - [TEST_STEP][PASSED] - verifyElementExist(findTestObject("Global Account Page/dynamicText", ["text":"Step 1 of 2"]), 5, CONTINUE_ON_FAILURE): Element 'Object Repository/Global Account Page/dynamicText' is exist

2024-03-06 09:39:34 - [MESSAGE][PASSED] - Element 'Object Repository/Global Account Page/dynamicText' is exist

2024-03-06 09:39:34 - [TEST_STEP][PASSED] - comment("TC043 & TC045 - Validate the amount 1 field & Validate the converting amount default to 0.00"): TC043 & TC045 - Validate the amount 1 field & Validate the converting amount default to 0.00

2024-03-06 09:39:34 - [MESSAGE][INFO] - TC043 & TC045 - Validate the amount 1 field & Validate the converting amount default to 0.00

2024-03-06 09:39:34 - [TEST_STEP][PASSED] - verifyElementText(findTestObject("Object Repository/Calc_Pad/android.widget.EditText - 0.00"), "0.00", CONTINUE_ON_FAILURE): Actual text and expected text of test object 'Object Repository/Calc_Pad/android.widget.EditText - 0.00' are matched.

2024-03-06 09:39:34 - [MESSAGE][PASSED] - Actual text and expected text of test object 'Object Repository/Calc_Pad/android.widget.EditText - 0.00' are matched.

2024-03-06 09:39:34 - [TEST_STEP][PASSED] - comment("TC048 and TC049"): TC048 and TC049

2024-03-06 09:39:34 - [MESSAGE][INFO] - TC048 and TC049

2024-03-06 09:39:34 - [TEST_STEP][PASSED] - tap(findTestObject("Object Repository/Calc_Pad/android.widget.EditText - 0.00"), 5, CONTINUE_ON_FAILURE): Tapped on element 'Object Repository/Calc_Pad/android.widget.EditText - 0.00'

2024-03-06 09:39:34 - [MESSAGE][PASSED] - Tapped on element 'Object Repository/Calc_Pad/android.widget.EditText - 0.00'

2024-03-06 09:39:34 - [TEST_STEP][PASSED] - delay(15): Delayed 15 second(s)

2024-03-06 09:39:49 - [MESSAGE][PASSED] - Delayed 15 second(s)

2024-03-06 09:39:49 - [TEST_STEP][PASSED] - digits = "1": null

2024-03-06 09:39:49 - [TEST_STEP][PASSED] - currency_Numpad(digits): null

2024-03-06 09:39:49 - [TEST_STEP][PASSED] - digit_length = digits.length(): null

2024-03-06 09:39:49 - [TEST_STEP][PASSED] - for ([i = 0, i < digit_length, (i++)]): Tapped on element 'Object Repository/Calc_Pad/android.widget.TextView - 1'

2024-03-06 09:39:49 - [TEST_STEP][PASSED] - if (digits[i] == "1"): Tapped on element 'Object Repository/Calc_Pad/android.widget.TextView - 1'

2024-03-06 09:39:49 - [TEST_STEP][PASSED] - tap(findTestObject("Object Repository/Calc_Pad/android.widget.TextView - 1"), 5, OPTIONAL): Tapped on element 'Object Repository/Calc_Pad/android.widget.TextView - 1'

2024-03-06 09:39:49 - [MESSAGE][PASSED] - Tapped on element 'Object Repository/Calc_Pad/android.widget.TextView - 1'

2024-03-06 09:39:49 - [TEST_STEP][PASSED] - tap(findTestObject("Object Repository/Calc_Pad/android.widget.Image"), 5, OPTIONAL): Tapped on element 'Object Repository/Calc_Pad/android.widget.Image'

2024-03-06 09:39:51 - [MESSAGE][PASSED] - Tapped on element 'Object Repository/Calc_Pad/android.widget.Image'

2024-03-06 09:39:51 - [TEST_STEP][PASSED] - waitForElementPresent(findTestObject("Global Account Page/dynamicText", ["text":"The minimum amount is MYR1.00."]), 5, OPTIONAL): Object Object Repository/Global Account Page/dynamicText not found

2024-03-06 09:39:56 - [MESSAGE][WARNING] - Object Object Repository/Global Account Page/dynamicText not found

2024-03-06 09:39:56 - [TEST_STEP][PASSED] - verifyElementExist(findTestObject("Global Account Page/dynamicText", ["text":"The minimum amount is MYR1.00."]), 5, OPTIONAL): Element 'Object Repository/Global Account Page/dynamicText' not found

2024-03-06 09:40:01 - [MESSAGE][WARNING] - Element 'Object Repository/Global Account Page/dynamicText' not found

2024-03-06 09:40:01 - [TEST_STEP][PASSED] - takeScreenshot(): Screenshot is taken

2024-03-06 09:40:02 - [MESSAGE][PASSED] - Screenshot is taken
[[ATTACHMENT|/Users/00145409nuralianatasha/Desktop/automation_Retail_FX(public_git)/Reports/20240306_093654/SOW2/Verify Account/20240306_093654/1709689201664.png]]

2024-03-06 09:40:02 - [TEST_STEP][PASSED] - delay(10): Delayed 10 second(s)

2024-03-06 09:40:12 - [MESSAGE][PASSED] - Delayed 10 second(s)

2024-03-06 09:40:12 - [TEST_STEP][PASSED] - comment("TC052"): TC052

2024-03-06 09:40:12 - [MESSAGE][INFO] - TC052

2024-03-06 09:40:12 - [TEST_STEP][PASSED] - tap(findTestObject("SOW2-Market Order/android.widget.TextView _EditText"), 0, CONTINUE_ON_FAILURE): Tapped on element 'Object Repository/SOW2-Market Order/android.widget.TextView _EditText'

2024-03-06 09:40:12 - [MESSAGE][WARNING] - Timeout '0' is invalid. Using default page load timeout: '30'

2024-03-06 09:40:13 - [MESSAGE][PASSED] - Tapped on element 'Object Repository/SOW2-Market Order/android.widget.TextView _EditText'

2024-03-06 09:40:13 - [TEST_STEP][PASSED] - delay(15): Delayed 15 second(s)

2024-03-06 09:40:28 - [MESSAGE][PASSED] - Delayed 15 second(s)

2024-03-06 09:40:28 - [TEST_STEP][PASSED] - digits1 = "1000000000": null

2024-03-06 09:40:28 - [TEST_STEP][PASSED] - currency_Numpad(digits1): null

2024-03-06 09:40:28 - [TEST_STEP][PASSED] - digit_length = digits.length(): null

2024-03-06 09:40:28 - [TEST_STEP][PASSED] - for ([i = 0, i < digit_length, (i++)]): Object Object Repository/Calc_Pad/android.widget.TextView - 0 not found

2024-03-06 09:40:28 - [TEST_STEP][PASSED] - if (digits[i] == "1"): Object Object Repository/Calc_Pad/android.widget.TextView - 1 not found

2024-03-06 09:40:28 - [TEST_STEP][PASSED] - tap(findTestObject("Object Repository/Calc_Pad/android.widget.TextView - 1"), 5, OPTIONAL): Object Object Repository/Calc_Pad/android.widget.TextView - 1 not found

2024-03-06 09:40:33 - [MESSAGE][WARNING] - Object Object Repository/Calc_Pad/android.widget.TextView - 1 not found

2024-03-06 09:40:33 - [TEST_STEP][PASSED] - if (digits[i] == "1"): null

2024-03-06 09:40:33 - [TEST_STEP][PASSED] - else if (digits[i] == "2"): null

2024-03-06 09:40:33 - [TEST_STEP][PASSED] - else if (digits[i] == "3"): null

2024-03-06 09:40:33 - [TEST_STEP][PASSED] - else if (digits[i] == "4"): null

2024-03-06 09:40:33 - [TEST_STEP][PASSED] - else if (digits[i] == "5"): null

2024-03-06 09:40:33 - [TEST_STEP][PASSED] - else if (digits[i] == "6"): null

2024-03-06 09:40:33 - [TEST_STEP][PASSED] - else if (digits[i] == "7"): null

2024-03-06 09:40:33 - [TEST_STEP][PASSED] - else if (digits[i] == "8"): null

2024-03-06 09:40:33 - [TEST_STEP][PASSED] - else if (digits[i] == "9"): null

2024-03-06 09:40:33 - [TEST_STEP][PASSED] - else if (digits[i] == "0"): Object Object Repository/Calc_Pad/android.widget.TextView - 0 not found

2024-03-06 09:40:33 - [TEST_STEP][PASSED] - tap(findTestObject("Object Repository/Calc_Pad/android.widget.TextView - 0"), 5, OPTIONAL): Object Object Repository/Calc_Pad/android.widget.TextView - 0 not found

2024-03-06 09:40:39 - [MESSAGE][WARNING] - Object Object Repository/Calc_Pad/android.widget.TextView - 0 not found

2024-03-06 09:40:39 - [TEST_STEP][PASSED] - if (digits[i] == "1"): null

2024-03-06 09:40:39 - [TEST_STEP][PASSED] - else if (digits[i] == "2"): null

2024-03-06 09:40:39 - [TEST_STEP][PASSED] - else if (digits[i] == "3"): null

2024-03-06 09:40:39 - [TEST_STEP][PASSED] - else if (digits[i] == "4"): null

2024-03-06 09:40:39 - [TEST_STEP][PASSED] - else if (digits[i] == "5"): null

2024-03-06 09:40:39 - [TEST_STEP][PASSED] - else if (digits[i] == "6"): null

2024-03-06 09:40:39 - [TEST_STEP][PASSED] - else if (digits[i] == "7"): null

2024-03-06 09:40:39 - [TEST_STEP][PASSED] - else if (digits[i] == "8"): null

2024-03-06 09:40:39 - [TEST_STEP][PASSED] - else if (digits[i] == "9"): null

2024-03-06 09:40:39 - [TEST_STEP][PASSED] - else if (digits[i] == "0"): Object Object Repository/Calc_Pad/android.widget.TextView - 0 not found

2024-03-06 09:40:39 - [TEST_STEP][PASSED] - tap(findTestObject("Object Repository/Calc_Pad/android.widget.TextView - 0"), 5, OPTIONAL): Object Object Repository/Calc_Pad/android.widget.TextView - 0 not found

2024-03-06 09:40:44 - [MESSAGE][WARNING] - Object Object Repository/Calc_Pad/android.widget.TextView - 0 not found

2024-03-06 09:40:44 - [TEST_STEP][PASSED] - if (digits[i] == "1"): null

2024-03-06 09:40:44 - [TEST_STEP][PASSED] - else if (digits[i] == "2"): null

2024-03-06 09:40:44 - [TEST_STEP][PASSED] - else if (digits[i] == "3"): null

2024-03-06 09:40:44 - [TEST_STEP][PASSED] - else if (digits[i] == "4"): null

2024-03-06 09:40:44 - [TEST_STEP][PASSED] - else if (digits[i] == "5"): null

2024-03-06 09:40:44 - [TEST_STEP][PASSED] - else if (digits[i] == "6"): null

2024-03-06 09:40:44 - [TEST_STEP][PASSED] - else if (digits[i] == "7"): null

2024-03-06 09:40:44 - [TEST_STEP][PASSED] - else if (digits[i] == "8"): null

2024-03-06 09:40:44 - [TEST_STEP][PASSED] - else if (digits[i] == "9"): null

2024-03-06 09:40:44 - [TEST_STEP][PASSED] - else if (digits[i] == "0"): Object Object Repository/Calc_Pad/android.widget.TextView - 0 not found

2024-03-06 09:40:44 - [TEST_STEP][PASSED] - tap(findTestObject("Object Repository/Calc_Pad/android.widget.TextView - 0"), 5, OPTIONAL): Object Object Repository/Calc_Pad/android.widget.TextView - 0 not found

2024-03-06 09:40:49 - [MESSAGE][WARNING] - Object Object Repository/Calc_Pad/android.widget.TextView - 0 not found

2024-03-06 09:40:49 - [TEST_STEP][PASSED] - if (digits[i] == "1"): null

2024-03-06 09:40:49 - [TEST_STEP][PASSED] - else if (digits[i] == "2"): null

2024-03-06 09:40:49 - [TEST_STEP][PASSED] - else if (digits[i] == "3"): null

2024-03-06 09:40:49 - [TEST_STEP][PASSED] - else if (digits[i] == "4"): null

2024-03-06 09:40:49 - [TEST_STEP][PASSED] - else if (digits[i] == "5"): null

2024-03-06 09:40:49 - [TEST_STEP][PASSED] - else if (digits[i] == "6"): null

2024-03-06 09:40:49 - [TEST_STEP][PASSED] - else if (digits[i] == "7"): null

2024-03-06 09:40:49 - [TEST_STEP][PASSED] - else if (digits[i] == "8"): null

2024-03-06 09:40:49 - [TEST_STEP][PASSED] - else if (digits[i] == "9"): null

2024-03-06 09:40:49 - [TEST_STEP][PASSED] - else if (digits[i] == "0"): Object Object Repository/Calc_Pad/android.widget.TextView - 0 not found

2024-03-06 09:40:49 - [TEST_STEP][PASSED] - tap(findTestObject("Object Repository/Calc_Pad/android.widget.TextView - 0"), 5, OPTIONAL): Object Object Repository/Calc_Pad/android.widget.TextView - 0 not found

2024-03-06 09:40:54 - [MESSAGE][WARNING] - Object Object Repository/Calc_Pad/android.widget.TextView - 0 not found

2024-03-06 09:40:54 - [TEST_STEP][PASSED] - if (digits[i] == "1"): null

2024-03-06 09:40:54 - [TEST_STEP][PASSED] - else if (digits[i] == "2"): null

2024-03-06 09:40:54 - [TEST_STEP][PASSED] - else if (digits[i] == "3"): null

2024-03-06 09:40:54 - [TEST_STEP][PASSED] - else if (digits[i] == "4"): null

2024-03-06 09:40:54 - [TEST_STEP][PASSED] - else if (digits[i] == "5"): null

2024-03-06 09:40:54 - [TEST_STEP][PASSED] - else if (digits[i] == "6"): null

2024-03-06 09:40:54 - [TEST_STEP][PASSED] - else if (digits[i] == "7"): null

2024-03-06 09:40:54 - [TEST_STEP][PASSED] - else if (digits[i] == "8"): null

2024-03-06 09:40:54 - [TEST_STEP][PASSED] - else if (digits[i] == "9"): null

2024-03-06 09:40:54 - [TEST_STEP][PASSED] - else if (digits[i] == "0"): Object Object Repository/Calc_Pad/android.widget.TextView - 0 not found

2024-03-06 09:40:54 - [TEST_STEP][PASSED] - tap(findTestObject("Object Repository/Calc_Pad/android.widget.TextView - 0"), 5, OPTIONAL): Object Object Repository/Calc_Pad/android.widget.TextView - 0 not found

2024-03-06 09:40:59 - [MESSAGE][WARNING] - Object Object Repository/Calc_Pad/android.widget.TextView - 0 not found

2024-03-06 09:40:59 - [TEST_STEP][PASSED] - if (digits[i] == "1"): null

2024-03-06 09:40:59 - [TEST_STEP][PASSED] - else if (digits[i] == "2"): null

2024-03-06 09:40:59 - [TEST_STEP][PASSED] - else if (digits[i] == "3"): null

2024-03-06 09:40:59 - [TEST_STEP][PASSED] - else if (digits[i] == "4"): null

2024-03-06 09:40:59 - [TEST_STEP][PASSED] - else if (digits[i] == "5"): null

2024-03-06 09:41:00 - [TEST_STEP][PASSED] - else if (digits[i] == "6"): null

2024-03-06 09:41:00 - [TEST_STEP][PASSED] - else if (digits[i] == "7"): null

2024-03-06 09:41:00 - [TEST_STEP][PASSED] - else if (digits[i] == "8"): null

2024-03-06 09:41:00 - [TEST_STEP][PASSED] - else if (digits[i] == "9"): null

2024-03-06 09:41:00 - [TEST_STEP][PASSED] - else if (digits[i] == "0"): Object Object Repository/Calc_Pad/android.widget.TextView - 0 not found

2024-03-06 09:41:00 - [TEST_STEP][PASSED] - tap(findTestObject("Object Repository/Calc_Pad/android.widget.TextView - 0"), 5, OPTIONAL): Object Object Repository/Calc_Pad/android.widget.TextView - 0 not found

2024-03-06 09:41:05 - [MESSAGE][WARNING] - Object Object Repository/Calc_Pad/android.widget.TextView - 0 not found

2024-03-06 09:41:05 - [TEST_STEP][PASSED] - if (digits[i] == "1"): null

2024-03-06 09:41:05 - [TEST_STEP][PASSED] - else if (digits[i] == "2"): null

2024-03-06 09:41:05 - [TEST_STEP][PASSED] - else if (digits[i] == "3"): null

2024-03-06 09:41:05 - [TEST_STEP][PASSED] - else if (digits[i] == "4"): null

2024-03-06 09:41:05 - [TEST_STEP][PASSED] - else if (digits[i] == "5"): null

2024-03-06 09:41:05 - [TEST_STEP][PASSED] - else if (digits[i] == "6"): null

2024-03-06 09:41:05 - [TEST_STEP][PASSED] - else if (digits[i] == "7"): null

2024-03-06 09:41:05 - [TEST_STEP][PASSED] - else if (digits[i] == "8"): null

2024-03-06 09:41:05 - [TEST_STEP][PASSED] - else if (digits[i] == "9"): null

2024-03-06 09:41:05 - [TEST_STEP][PASSED] - else if (digits[i] == "0"): Object Object Repository/Calc_Pad/android.widget.TextView - 0 not found

2024-03-06 09:41:05 - [TEST_STEP][PASSED] - tap(findTestObject("Object Repository/Calc_Pad/android.widget.TextView - 0"), 5, OPTIONAL): Object Object Repository/Calc_Pad/android.widget.TextView - 0 not found

2024-03-06 09:41:10 - [MESSAGE][WARNING] - Object Object Repository/Calc_Pad/android.widget.TextView - 0 not found

2024-03-06 09:41:10 - [TEST_STEP][PASSED] - if (digits[i] == "1"): null

2024-03-06 09:41:10 - [TEST_STEP][PASSED] - else if (digits[i] == "2"): null

2024-03-06 09:41:10 - [TEST_STEP][PASSED] - else if (digits[i] == "3"): null

2024-03-06 09:41:10 - [TEST_STEP][PASSED] - else if (digits[i] == "4"): null

2024-03-06 09:41:10 - [TEST_STEP][PASSED] - else if (digits[i] == "5"): null

2024-03-06 09:41:10 - [TEST_STEP][PASSED] - else if (digits[i] == "6"): null

2024-03-06 09:41:10 - [TEST_STEP][PASSED] - else if (digits[i] == "7"): null

2024-03-06 09:41:10 - [TEST_STEP][PASSED] - else if (digits[i] == "8"): null

2024-03-06 09:41:10 - [TEST_STEP][PASSED] - else if (digits[i] == "9"): null

2024-03-06 09:41:10 - [TEST_STEP][PASSED] - else if (digits[i] == "0"): Object Object Repository/Calc_Pad/android.widget.TextView - 0 not found

2024-03-06 09:41:10 - [TEST_STEP][PASSED] - tap(findTestObject("Object Repository/Calc_Pad/android.widget.TextView - 0"), 5, OPTIONAL): Object Object Repository/Calc_Pad/android.widget.TextView - 0 not found

2024-03-06 09:41:15 - [MESSAGE][WARNING] - Object Object Repository/Calc_Pad/android.widget.TextView - 0 not found

2024-03-06 09:41:15 - [TEST_STEP][PASSED] - if (digits[i] == "1"): null

2024-03-06 09:41:15 - [TEST_STEP][PASSED] - else if (digits[i] == "2"): null

2024-03-06 09:41:15 - [TEST_STEP][PASSED] - else if (digits[i] == "3"): null

2024-03-06 09:41:15 - [TEST_STEP][PASSED] - else if (digits[i] == "4"): null

2024-03-06 09:41:15 - [TEST_STEP][PASSED] - else if (digits[i] == "5"): null

2024-03-06 09:41:15 - [TEST_STEP][PASSED] - else if (digits[i] == "6"): null

2024-03-06 09:41:15 - [TEST_STEP][PASSED] - else if (digits[i] == "7"): null

2024-03-06 09:41:15 - [TEST_STEP][PASSED] - else if (digits[i] == "8"): null

2024-03-06 09:41:15 - [TEST_STEP][PASSED] - else if (digits[i] == "9"): null

2024-03-06 09:41:15 - [TEST_STEP][PASSED] - else if (digits[i] == "0"): Object Object Repository/Calc_Pad/android.widget.TextView - 0 not found

2024-03-06 09:41:15 - [TEST_STEP][PASSED] - tap(findTestObject("Object Repository/Calc_Pad/android.widget.TextView - 0"), 5, OPTIONAL): Object Object Repository/Calc_Pad/android.widget.TextView - 0 not found

2024-03-06 09:41:20 - [MESSAGE][WARNING] - Object Object Repository/Calc_Pad/android.widget.TextView - 0 not found

2024-03-06 09:41:20 - [TEST_STEP][PASSED] - tap(findTestObject("Object Repository/Calc_Pad/android.widget.Image"), 5, OPTIONAL): Object Object Repository/Calc_Pad/android.widget.Image not found

2024-03-06 09:41:25 - [MESSAGE][WARNING] - Object Object Repository/Calc_Pad/android.widget.Image not found

2024-03-06 09:41:25 - [TEST_STEP][PASSED] - waitForElementPresent(findTestObject("Global Account Page/dynamicText", ["text":"Reach the max value: MYR1,000,000.00"]), 5, OPTIONAL): Object Object Repository/Global Account Page/dynamicText not found

2024-03-06 09:41:30 - [MESSAGE][WARNING] - Object Object Repository/Global Account Page/dynamicText not found

2024-03-06 09:41:30 - [TEST_STEP][PASSED] - verifyElementExist(findTestObject("Global Account Page/dynamicText", ["text":"Reach the max value: MYR1,000,000.00"]), 5, OPTIONAL): Element 'Object Repository/Global Account Page/dynamicText' not found

2024-03-06 09:41:35 - [MESSAGE][WARNING] - Element 'Object Repository/Global Account Page/dynamicText' not found

2024-03-06 09:41:35 - [TEST_STEP][PASSED] - takeScreenshot(): Screenshot is taken

2024-03-06 09:41:36 - [MESSAGE][PASSED] - Screenshot is taken
[[ATTACHMENT|/Users/00145409nuralianatasha/Desktop/automation_Retail_FX(public_git)/Reports/20240306_093654/SOW2/Verify Account/20240306_093654/1709689295911.png]]

2024-03-06 09:41:36 - [TEST_STEP][PASSED] - comment("TC054,TC055 and TC058"): TC054,TC055 and TC058

2024-03-06 09:41:36 - [MESSAGE][INFO] - TC054,TC055 and TC058

2024-03-06 09:41:36 - [TEST_STEP][PASSED] - tap(findTestObject("SOW2-Market Order/Select_Currency Dropdown"), 0, CONTINUE_ON_FAILURE): Tapped on element 'Object Repository/SOW2-Market Order/Select_Currency Dropdown'

2024-03-06 09:41:36 - [MESSAGE][WARNING] - Timeout '0' is invalid. Using default page load timeout: '30'

2024-03-06 09:41:36 - [MESSAGE][PASSED] - Tapped on element 'Object Repository/SOW2-Market Order/Select_Currency Dropdown'

2024-03-06 09:41:36 - [TEST_STEP][PASSED] - verifyElementExist(findTestObject("Global Account Page/dynamicText", ["text":"USD - US Dollar"]), 5, CONTINUE_ON_FAILURE): Element 'Object Repository/Global Account Page/dynamicText' is exist

2024-03-06 09:41:37 - [MESSAGE][PASSED] - Element 'Object Repository/Global Account Page/dynamicText' is exist

2024-03-06 09:41:37 - [TEST_STEP][PASSED] - verifyElementExist(findTestObject("Global Account Page/dynamicText", ["text":"GBP - British Pound Sterling"]), 5, CONTINUE_ON_FAILURE): Element 'Object Repository/Global Account Page/dynamicText' is exist

2024-03-06 09:41:37 - [MESSAGE][PASSED] - Element 'Object Repository/Global Account Page/dynamicText' is exist

2024-03-06 09:41:37 - [TEST_STEP][PASSED] - verifyElementExist(findTestObject("Global Account Page/dynamicText", ["text":"EUR - Euro"]), 5, CONTINUE_ON_FAILURE): Element 'Object Repository/Global Account Page/dynamicText' is exist

2024-03-06 09:41:37 - [MESSAGE][PASSED] - Element 'Object Repository/Global Account Page/dynamicText' is exist

2024-03-06 09:41:37 - [TEST_STEP][PASSED] - verifyElementExist(findTestObject("Global Account Page/dynamicText", ["text":"AUD - Australian Dollar"]), 5, CONTINUE_ON_FAILURE): Element 'Object Repository/Global Account Page/dynamicText' is exist

2024-03-06 09:41:37 - [MESSAGE][PASSED] - Element 'Object Repository/Global Account Page/dynamicText' is exist

2024-03-06 09:41:37 - [TEST_STEP][PASSED] - utilities.Mobile_Keywords.scrollFromTopToBottom(): utilities.Mobile_Keywords.scrollFromTopToBottom is PASSED

2024-03-06 09:41:37 - [MESSAGE][PASSED] - Current device physical height is 2138

2024-03-06 09:41:38 - [MESSAGE][PASSED] - Current device physical width is 1080

2024-03-06 09:41:39 - [MESSAGE][PASSED] - Swiped from 540,1,496 to 540,641

2024-03-06 09:41:44 - [MESSAGE][PASSED] - Delayed 5 second(s)

2024-03-06 09:41:44 - [MESSAGE][PASSED] - utilities.Mobile_Keywords.scrollFromTopToBottom is PASSED

2024-03-06 09:41:44 - [TEST_STEP][PASSED] - verifyElementExist(findTestObject("Global Account Page/dynamicText", ["text":"JPY - Japanese Yen"]), 5, CONTINUE_ON_FAILURE): Element 'Object Repository/Global Account Page/dynamicText' is exist

2024-03-06 09:41:44 - [MESSAGE][PASSED] - Element 'Object Repository/Global Account Page/dynamicText' is exist

2024-03-06 09:41:44 - [TEST_STEP][PASSED] - verifyElementExist(findTestObject("Global Account Page/dynamicText", ["text":"SGD - Singapore Dollar"]), 5, CONTINUE_ON_FAILURE): Element 'Object Repository/Global Account Page/dynamicText' is exist

2024-03-06 09:41:44 - [MESSAGE][PASSED] - Element 'Object Repository/Global Account Page/dynamicText' is exist

2024-03-06 09:41:44 - [TEST_STEP][PASSED] - verifyElementExist(findTestObject("Global Account Page/dynamicText", ["text":"CAD - Canadian Dollar"]), 5, CONTINUE_ON_FAILURE): Element 'Object Repository/Global Account Page/dynamicText' is exist

2024-03-06 09:41:44 - [MESSAGE][PASSED] - Element 'Object Repository/Global Account Page/dynamicText' is exist

2024-03-06 09:41:44 - [TEST_STEP][PASSED] - tap(findTestObject("Global Account Page/dynamicText", ["text":"USD - US Dollar"]), 0, CONTINUE_ON_FAILURE): Tapped on element 'Object Repository/Global Account Page/dynamicText'

2024-03-06 09:41:44 - [MESSAGE][WARNING] - Timeout '0' is invalid. Using default page load timeout: '30'

2024-03-06 09:41:44 - [MESSAGE][PASSED] - Tapped on element 'Object Repository/Global Account Page/dynamicText'

2024-03-06 09:41:44 - [TEST_STEP][PASSED] - utilities.Mobile_Keywords.sow2market_orderdropdown("US Dol", "USD - US Dollar"): utilities.Mobile_Keywords.sow2market_orderdropdown is PASSED

2024-03-06 09:41:44 - [MESSAGE][WARNING] - Timeout '0' is invalid. Using default page load timeout: '30'

2024-03-06 09:41:45 - [MESSAGE][PASSED] - Tapped on element 'Object Repository/SOW2-Market Order/Select_Currency Dropdown'

2024-03-06 09:41:46 - [MESSAGE][PASSED] - Element 'Object Repository/SOW2-Market Order/android.view.View - Select Currency' is present

2024-03-06 09:41:46 - [MESSAGE][PASSED] - Element 'Object Repository/SOW2-Market Order/android.view.View - Select Currency' is exist

2024-03-06 09:41:46 - [MESSAGE][PASSED] - Tapped on element 'Object Repository/SOW2-Market Order/android.widget.EditText_SearchCurrency'

2024-03-06 09:41:48 - [MESSAGE][PASSED] - Text 'US Dol' has been set to element 'Object Repository/SOW2-Market Order/android.widget.EditText_SearchCurrency'

2024-03-06 09:41:49 - [MESSAGE][PASSED] - Keyboard is hidden

2024-03-06 09:41:49 - [MESSAGE][PASSED] - Element 'Object Repository/Global Account Page/dynamicText' is exist

2024-03-06 09:41:49 - [MESSAGE][PASSED] - Tapped on element 'Object Repository/Global Account Page/dynamicText'

2024-03-06 09:41:49 - [MESSAGE][PASSED] - utilities.Mobile_Keywords.sow2market_orderdropdown is PASSED

2024-03-06 09:41:49 - [TEST_STEP][PASSED] - get_amount = getText(findTestObject("SOW2-Market Order/Amount_To_Received"), 0, CONTINUE_ON_FAILURE): Text of element 'Object Repository/SOW2-Market Order/Amount_To_Received' is: '2,313,111.13'

2024-03-06 09:41:49 - [MESSAGE][WARNING] - Timeout '0' is invalid. Using default page load timeout: '30'

2024-03-06 09:41:50 - [MESSAGE][PASSED] - Text of element 'Object Repository/SOW2-Market Order/Amount_To_Received' is: '2,313,111.13'

2024-03-06 09:41:50 - [TEST_STEP][PASSED] - tap(findTestObject("SOW2-Market Order/android.widget.EditText _Amount to Received"), 0, CONTINUE_ON_FAILURE): Tapped on element 'Object Repository/SOW2-Market Order/android.widget.EditText _Amount to Received'

2024-03-06 09:41:50 - [MESSAGE][WARNING] - Timeout '0' is invalid. Using default page load timeout: '30'

2024-03-06 09:41:52 - [MESSAGE][PASSED] - Tapped on element 'Object Repository/SOW2-Market Order/android.widget.EditText _Amount to Received'

2024-03-06 09:41:52 - [TEST_STEP][PASSED] - delay(10): Delayed 10 second(s)

2024-03-06 09:42:02 - [MESSAGE][PASSED] - Delayed 10 second(s)

2024-03-06 09:42:02 - [TEST_STEP][PASSED] - Currency_Calculator.remove_Amount(get_amount): Delayed 1 second(s)

2024-03-06 09:42:07 - [MESSAGE][WARNING] - Object Object Repository/SOW2-Market Order/Remove_amount not found

2024-03-06 09:42:08 - [MESSAGE][PASSED] - Delayed 1 second(s)

2024-03-06 09:42:13 - [MESSAGE][WARNING] - Object Object Repository/SOW2-Market Order/Remove_amount not found

2024-03-06 09:42:14 - [MESSAGE][PASSED] - Delayed 1 second(s)

2024-03-06 09:42:19 - [MESSAGE][WARNING] - Object Object Repository/SOW2-Market Order/Remove_amount not found

2024-03-06 09:42:20 - [MESSAGE][PASSED] - Delayed 1 second(s)

2024-03-06 09:42:25 - [MESSAGE][WARNING] - Object Object Repository/SOW2-Market Order/Remove_amount not found

2024-03-06 09:42:26 - [MESSAGE][PASSED] - Delayed 1 second(s)

2024-03-06 09:42:32 - [MESSAGE][WARNING] - Object Object Repository/SOW2-Market Order/Remove_amount not found

2024-03-06 09:42:33 - [MESSAGE][PASSED] - Delayed 1 second(s)

2024-03-06 09:42:38 - [MESSAGE][WARNING] - Object Object Repository/SOW2-Market Order/Remove_amount not found

2024-03-06 09:42:39 - [MESSAGE][PASSED] - Delayed 1 second(s)

2024-03-06 09:42:44 - [MESSAGE][WARNING] - Object Object Repository/SOW2-Market Order/Remove_amount not found

2024-03-06 09:42:45 - [MESSAGE][PASSED] - Delayed 1 second(s)

2024-03-06 09:42:50 - [MESSAGE][WARNING] - Object Object Repository/SOW2-Market Order/Remove_amount not found

2024-03-06 09:42:51 - [MESSAGE][PASSED] - Delayed 1 second(s)

2024-03-06 09:42:56 - [MESSAGE][WARNING] - Object Object Repository/SOW2-Market Order/Remove_amount not found

2024-03-06 09:42:57 - [MESSAGE][PASSED] - Delayed 1 second(s)

2024-03-06 09:43:03 - [MESSAGE][WARNING] - Object Object Repository/SOW2-Market Order/Remove_amount not found

2024-03-06 09:43:04 - [MESSAGE][PASSED] - Delayed 1 second(s)

2024-03-06 09:43:09 - [MESSAGE][WARNING] - Object Object Repository/SOW2-Market Order/Remove_amount not found

2024-03-06 09:43:10 - [MESSAGE][PASSED] - Delayed 1 second(s)

2024-03-06 09:43:15 - [MESSAGE][WARNING] - Object Object Repository/SOW2-Market Order/Remove_amount not found

2024-03-06 09:43:16 - [MESSAGE][PASSED] - Delayed 1 second(s)

2024-03-06 09:43:16 - [TEST_STEP][PASSED] - tap(findTestObject("Object Repository/Calc_Pad/android.widget.Image"), 5, OPTIONAL): Object Object Repository/Calc_Pad/android.widget.Image not found

2024-03-06 09:43:21 - [MESSAGE][WARNING] - Object Object Repository/Calc_Pad/android.widget.Image not found

2024-03-06 09:43:21 - [TEST_STEP][PASSED] - verifyElementText(findTestObject("SOW2-Market Order/android.widget.TextView _EditText"), "0.00", CONTINUE_ON_FAILURE): Actual text and expected text of test object 'Object Repository/SOW2-Market Order/android.widget.TextView _EditText' are matched.

2024-03-06 09:43:21 - [MESSAGE][PASSED] - Actual text and expected text of test object 'Object Repository/SOW2-Market Order/android.widget.TextView _EditText' are matched.

2024-03-06 09:43:21 - [TEST_STEP][PASSED] - tap(findTestObject("SOW2-Market Order/android.widget.EditText _Amount to Received"), 0, CONTINUE_ON_FAILURE): Tapped on element 'Object Repository/SOW2-Market Order/android.widget.EditText _Amount to Received'

2024-03-06 09:43:21 - [MESSAGE][WARNING] - Timeout '0' is invalid. Using default page load timeout: '30'

2024-03-06 09:43:21 - [MESSAGE][PASSED] - Tapped on element 'Object Repository/SOW2-Market Order/android.widget.EditText _Amount to Received'

2024-03-06 09:43:21 - [TEST_STEP][PASSED] - delay(15): Delayed 15 second(s)

2024-03-06 09:43:36 - [MESSAGE][PASSED] - Delayed 15 second(s)

2024-03-06 09:43:36 - [TEST_STEP][PASSED] - digits2 = "20000": null

2024-03-06 09:43:36 - [TEST_STEP][PASSED] - currency_Numpad(digits2): null

2024-03-06 09:43:36 - [TEST_STEP][PASSED] - digit_length = digits.length(): null

2024-03-06 09:43:36 - [TEST_STEP][PASSED] - for ([i = 0, i < digit_length, (i++)]): Tapped on element 'Object Repository/Calc_Pad/android.widget.TextView - 0'

2024-03-06 09:43:36 - [TEST_STEP][PASSED] - if (digits[i] == "1"): null

2024-03-06 09:43:36 - [TEST_STEP][PASSED] - else if (digits[i] == "2"): Tapped on element 'Object Repository/Calc_Pad/android.widget.TextView - 2'

2024-03-06 09:43:36 - [TEST_STEP][PASSED] - tap(findTestObject("Object Repository/Calc_Pad/android.widget.TextView - 2"), 5, OPTIONAL): Tapped on element 'Object Repository/Calc_Pad/android.widget.TextView - 2'

2024-03-06 09:43:37 - [MESSAGE][PASSED] - Tapped on element 'Object Repository/Calc_Pad/android.widget.TextView - 2'

2024-03-06 09:43:37 - [TEST_STEP][PASSED] - if (digits[i] == "1"): null

2024-03-06 09:43:37 - [TEST_STEP][PASSED] - else if (digits[i] == "2"): null

2024-03-06 09:43:37 - [TEST_STEP][PASSED] - else if (digits[i] == "3"): null

2024-03-06 09:43:37 - [TEST_STEP][PASSED] - else if (digits[i] == "4"): null

2024-03-06 09:43:37 - [TEST_STEP][PASSED] - else if (digits[i] == "5"): null

2024-03-06 09:43:37 - [TEST_STEP][PASSED] - else if (digits[i] == "6"): null

2024-03-06 09:43:37 - [TEST_STEP][PASSED] - else if (digits[i] == "7"): null

2024-03-06 09:43:37 - [TEST_STEP][PASSED] - else if (digits[i] == "8"): null

2024-03-06 09:43:37 - [TEST_STEP][PASSED] - else if (digits[i] == "9"): null

2024-03-06 09:43:37 - [TEST_STEP][PASSED] - else if (digits[i] == "0"): Tapped on element 'Object Repository/Calc_Pad/android.widget.TextView - 0'

2024-03-06 09:43:37 - [TEST_STEP][PASSED] - tap(findTestObject("Object Repository/Calc_Pad/android.widget.TextView - 0"), 5, OPTIONAL): Tapped on element 'Object Repository/Calc_Pad/android.widget.TextView - 0'

2024-03-06 09:43:37 - [MESSAGE][PASSED] - Tapped on element 'Object Repository/Calc_Pad/android.widget.TextView - 0'

2024-03-06 09:43:37 - [TEST_STEP][PASSED] - if (digits[i] == "1"): null

2024-03-06 09:43:37 - [TEST_STEP][PASSED] - else if (digits[i] == "2"): null

2024-03-06 09:43:37 - [TEST_STEP][PASSED] - else if (digits[i] == "3"): null

2024-03-06 09:43:37 - [TEST_STEP][PASSED] - else if (digits[i] == "4"): null

2024-03-06 09:43:37 - [TEST_STEP][PASSED] - else if (digits[i] == "5"): null

2024-03-06 09:43:37 - [TEST_STEP][PASSED] - else if (digits[i] == "6"): null

2024-03-06 09:43:37 - [TEST_STEP][PASSED] - else if (digits[i] == "7"): null

2024-03-06 09:43:37 - [TEST_STEP][PASSED] - else if (digits[i] == "8"): null

2024-03-06 09:43:37 - [TEST_STEP][PASSED] - else if (digits[i] == "9"): null

2024-03-06 09:43:37 - [TEST_STEP][PASSED] - else if (digits[i] == "0"): Tapped on element 'Object Repository/Calc_Pad/android.widget.TextView - 0'

2024-03-06 09:43:37 - [TEST_STEP][PASSED] - tap(findTestObject("Object Repository/Calc_Pad/android.widget.TextView - 0"), 5, OPTIONAL): Tapped on element 'Object Repository/Calc_Pad/android.widget.TextView - 0'

2024-03-06 09:43:38 - [MESSAGE][PASSED] - Tapped on element 'Object Repository/Calc_Pad/android.widget.TextView - 0'

2024-03-06 09:43:38 - [TEST_STEP][PASSED] - if (digits[i] == "1"): null

2024-03-06 09:43:38 - [TEST_STEP][PASSED] - else if (digits[i] == "2"): null

2024-03-06 09:43:38 - [TEST_STEP][PASSED] - else if (digits[i] == "3"): null

2024-03-06 09:43:38 - [TEST_STEP][PASSED] - else if (digits[i] == "4"): null

2024-03-06 09:43:38 - [TEST_STEP][PASSED] - else if (digits[i] == "5"): null

2024-03-06 09:43:38 - [TEST_STEP][PASSED] - else if (digits[i] == "6"): null

2024-03-06 09:43:38 - [TEST_STEP][PASSED] - else if (digits[i] == "7"): null

2024-03-06 09:43:38 - [TEST_STEP][PASSED] - else if (digits[i] == "8"): null

2024-03-06 09:43:38 - [TEST_STEP][PASSED] - else if (digits[i] == "9"): null

2024-03-06 09:43:38 - [TEST_STEP][PASSED] - else if (digits[i] == "0"): Tapped on element 'Object Repository/Calc_Pad/android.widget.TextView - 0'

2024-03-06 09:43:38 - [TEST_STEP][PASSED] - tap(findTestObject("Object Repository/Calc_Pad/android.widget.TextView - 0"), 5, OPTIONAL): Tapped on element 'Object Repository/Calc_Pad/android.widget.TextView - 0'

2024-03-06 09:43:39 - [MESSAGE][PASSED] - Tapped on element 'Object Repository/Calc_Pad/android.widget.TextView - 0'

2024-03-06 09:43:39 - [TEST_STEP][PASSED] - if (digits[i] == "1"): null

2024-03-06 09:43:39 - [TEST_STEP][PASSED] - else if (digits[i] == "2"): null

2024-03-06 09:43:39 - [TEST_STEP][PASSED] - else if (digits[i] == "3"): null

2024-03-06 09:43:39 - [TEST_STEP][PASSED] - else if (digits[i] == "4"): null

2024-03-06 09:43:39 - [TEST_STEP][PASSED] - else if (digits[i] == "5"): null

2024-03-06 09:43:39 - [TEST_STEP][PASSED] - else if (digits[i] == "6"): null

2024-03-06 09:43:39 - [TEST_STEP][PASSED] - else if (digits[i] == "7"): null

2024-03-06 09:43:39 - [TEST_STEP][PASSED] - else if (digits[i] == "8"): null

2024-03-06 09:43:39 - [TEST_STEP][PASSED] - else if (digits[i] == "9"): null

2024-03-06 09:43:39 - [TEST_STEP][PASSED] - else if (digits[i] == "0"): Tapped on element 'Object Repository/Calc_Pad/android.widget.TextView - 0'

2024-03-06 09:43:39 - [TEST_STEP][PASSED] - tap(findTestObject("Object Repository/Calc_Pad/android.widget.TextView - 0"), 5, OPTIONAL): Tapped on element 'Object Repository/Calc_Pad/android.widget.TextView - 0'

2024-03-06 09:43:39 - [MESSAGE][PASSED] - Tapped on element 'Object Repository/Calc_Pad/android.widget.TextView - 0'

2024-03-06 09:43:39 - [TEST_STEP][PASSED] - tap(findTestObject("Object Repository/Calc_Pad/android.widget.Image"), 5, OPTIONAL): Tapped on element 'Object Repository/Calc_Pad/android.widget.Image'

2024-03-06 09:43:40 - [MESSAGE][PASSED] - Tapped on element 'Object Repository/Calc_Pad/android.widget.Image'

2024-03-06 09:43:40 - [TEST_STEP][PASSED] - currency_TextMsg2 = getText(findTestObject("General/android.widget.TextView _Conversion"), 5, CONTINUE_ON_FAILURE): Text of element 'Object Repository/General/android.widget.TextView _Conversion' is: 'USD 1 = MYR 4.7555'

2024-03-06 09:43:41 - [MESSAGE][PASSED] - Text of element 'Object Repository/General/android.widget.TextView _Conversion' is: 'USD 1 = MYR 4.7555'

2024-03-06 09:43:41 - [TEST_STEP][PASSED] - roundedNumber2 = Validation.staffConvertMYRtoUSD(currency_TextMsg2, 10.00): null

2024-03-06 09:43:41 - [TEST_STEP][PASSED] - comment("Print out Exchange Rate" + currency_TextMsg2): Print out Exchange RateUSD 1 = MYR 4.7555

2024-03-06 09:43:41 - [MESSAGE][INFO] - Print out Exchange RateUSD 1 = MYR 4.7555

2024-03-06 09:43:41 - [TEST_STEP][FAILED] - verifyElementText(findTestObject("SOW2-Market Order/android.widget.TextView _EditText"), roundedNumber2, CONTINUE_ON_FAILURE): Actual text '951.10' and expected text '47.55' of test object 'Object Repository/SOW2-Market Order/android.widget.TextView _EditText' are NOT matched.

2024-03-06 09:43:41 - [MESSAGE][FAILED] - Actual text '951.10' and expected text '47.55' of test object 'Object Repository/SOW2-Market Order/android.widget.TextView _EditText' are NOT matched.

2024-03-06 09:43:41 - [TEST_STEP][PASSED] - takeScreenshot(): Screenshot is taken

2024-03-06 09:43:42 - [MESSAGE][PASSED] - Screenshot is taken
[[ATTACHMENT|/Users/00145409nuralianatasha/Desktop/automation_Retail_FX(public_git)/Reports/20240306_093654/SOW2/Verify Account/20240306_093654/1709689421845.png]]

2024-03-06 09:43:42 - [TEST_STEP][PASSED] - get_amount2 = getText(findTestObject("SOW2-Market Order/Amount_To_Received"), 0, CONTINUE_ON_FAILURE): Text of element 'Object Repository/SOW2-Market Order/Amount_To_Received' is: '200.00'

2024-03-06 09:43:42 - [MESSAGE][WARNING] - Timeout '0' is invalid. Using default page load timeout: '30'

2024-03-06 09:43:42 - [MESSAGE][PASSED] - Text of element 'Object Repository/SOW2-Market Order/Amount_To_Received' is: '200.00'

2024-03-06 09:43:42 - [TEST_STEP][PASSED] - tap(findTestObject("SOW2-Market Order/android.widget.EditText _Amount to Received"), 0, CONTINUE_ON_FAILURE): Tapped on element 'Object Repository/SOW2-Market Order/android.widget.EditText _Amount to Received'

2024-03-06 09:43:42 - [MESSAGE][WARNING] - Timeout '0' is invalid. Using default page load timeout: '30'

2024-03-06 09:43:42 - [MESSAGE][PASSED] - Tapped on element 'Object Repository/SOW2-Market Order/android.widget.EditText _Amount to Received'

2024-03-06 09:43:42 - [TEST_STEP][PASSED] - delay(10): Delayed 10 second(s)

2024-03-06 09:43:52 - [MESSAGE][PASSED] - Delayed 10 second(s)

2024-03-06 09:43:52 - [TEST_STEP][PASSED] - Currency_Calculator.remove_Amount(get_amount2): Delayed 1 second(s)

2024-03-06 09:44:00 - [MESSAGE][WARNING] - Object Object Repository/SOW2-Market Order/Remove_amount not found

2024-03-06 09:44:01 - [MESSAGE][PASSED] - Delayed 1 second(s)

2024-03-06 09:44:06 - [MESSAGE][WARNING] - Object Object Repository/SOW2-Market Order/Remove_amount not found

2024-03-06 09:44:07 - [MESSAGE][PASSED] - Delayed 1 second(s)

2024-03-06 09:44:12 - [MESSAGE][WARNING] - Object Object Repository/SOW2-Market Order/Remove_amount not found

2024-03-06 09:44:13 - [MESSAGE][PASSED] - Delayed 1 second(s)

2024-03-06 09:44:19 - [MESSAGE][WARNING] - Object Object Repository/SOW2-Market Order/Remove_amount not found

2024-03-06 09:44:20 - [MESSAGE][PASSED] - Delayed 1 second(s)

2024-03-06 09:44:25 - [MESSAGE][WARNING] - Object Object Repository/SOW2-Market Order/Remove_amount not found

2024-03-06 09:44:26 - [MESSAGE][PASSED] - Delayed 1 second(s)

2024-03-06 09:44:31 - [MESSAGE][WARNING] - Object Object Repository/SOW2-Market Order/Remove_amount not found

2024-03-06 09:44:32 - [MESSAGE][PASSED] - Delayed 1 second(s)

2024-03-06 09:44:32 - [TEST_STEP][PASSED] - delay(15): Delayed 15 second(s)

2024-03-06 09:44:47 - [MESSAGE][PASSED] - Delayed 15 second(s)

2024-03-06 09:44:47 - [TEST_STEP][PASSED] - digits3 = "1": null

2024-03-06 09:44:47 - [TEST_STEP][PASSED] - currency_Numpad(digits3): null

2024-03-06 09:44:47 - [TEST_STEP][PASSED] - digit_length = digits.length(): null

2024-03-06 09:44:47 - [TEST_STEP][PASSED] - for ([i = 0, i < digit_length, (i++)]): Object Object Repository/Calc_Pad/android.widget.TextView - 1 not found

2024-03-06 09:44:47 - [TEST_STEP][PASSED] - if (digits[i] == "1"): Object Object Repository/Calc_Pad/android.widget.TextView - 1 not found

2024-03-06 09:44:47 - [TEST_STEP][PASSED] - tap(findTestObject("Object Repository/Calc_Pad/android.widget.TextView - 1"), 5, OPTIONAL): Object Object Repository/Calc_Pad/android.widget.TextView - 1 not found

2024-03-06 09:44:52 - [MESSAGE][WARNING] - Object Object Repository/Calc_Pad/android.widget.TextView - 1 not found

2024-03-06 09:44:52 - [TEST_STEP][PASSED] - tap(findTestObject("Object Repository/Calc_Pad/android.widget.Image"), 5, OPTIONAL): Object Object Repository/Calc_Pad/android.widget.Image not found

2024-03-06 09:44:57 - [MESSAGE][WARNING] - Object Object Repository/Calc_Pad/android.widget.Image not found

2024-03-06 09:44:57 - [TEST_STEP][PASSED] - waitForElementPresent(findTestObject("Global Account Page/dynamicText", ["text":"The minimum amount is USD1.00."]), 5, OPTIONAL): Element 'Object Repository/Global Account Page/dynamicText' is present

2024-03-06 09:44:57 - [MESSAGE][PASSED] - Element 'Object Repository/Global Account Page/dynamicText' is present

2024-03-06 09:44:57 - [TEST_STEP][PASSED] - verifyElementExist(findTestObject("Global Account Page/dynamicText", ["text":"The minimum amount is USD1.00."]), 5, OPTIONAL): Element 'Object Repository/Global Account Page/dynamicText' is exist

2024-03-06 09:44:57 - [MESSAGE][PASSED] - Element 'Object Repository/Global Account Page/dynamicText' is exist

2024-03-06 09:44:57 - [TEST_STEP][PASSED] - takeScreenshot(): Screenshot is taken

2024-03-06 09:44:58 - [MESSAGE][PASSED] - Screenshot is taken
[[ATTACHMENT|/Users/00145409nuralianatasha/Desktop/automation_Retail_FX(public_git)/Reports/20240306_093654/SOW2/Verify Account/20240306_093654/1709689497955.png]]

2024-03-06 09:44:58 - [TEST_STEP][PASSED] - tap(findTestObject("SOW2-Market Order/android.widget.EditText _Amount to Received"), 0, CONTINUE_ON_FAILURE): Tapped on element 'Object Repository/SOW2-Market Order/android.widget.EditText _Amount to Received'

2024-03-06 09:44:58 - [MESSAGE][WARNING] - Timeout '0' is invalid. Using default page load timeout: '30'

2024-03-06 09:44:59 - [MESSAGE][PASSED] - Tapped on element 'Object Repository/SOW2-Market Order/android.widget.EditText _Amount to Received'

2024-03-06 09:44:59 - [TEST_STEP][PASSED] - delay(10): Delayed 10 second(s)

2024-03-06 09:45:09 - [MESSAGE][PASSED] - Delayed 10 second(s)

2024-03-06 09:45:09 - [TEST_STEP][PASSED] - digits4 = "0000000000": null

2024-03-06 09:45:09 - [TEST_STEP][PASSED] - currency_Numpad(digits4): null

2024-03-06 09:45:09 - [TEST_STEP][PASSED] - digit_length = digits.length(): null

2024-03-06 09:45:09 - [TEST_STEP][PASSED] - for ([i = 0, i < digit_length, (i++)]): Object Object Repository/Calc_Pad/android.widget.TextView - 0 not found

2024-03-06 09:45:09 - [TEST_STEP][PASSED] - if (digits[i] == "1"): null

2024-03-06 09:45:09 - [TEST_STEP][PASSED] - else if (digits[i] == "2"): null

2024-03-06 09:45:09 - [TEST_STEP][PASSED] - else if (digits[i] == "3"): null

2024-03-06 09:45:09 - [TEST_STEP][PASSED] - else if (digits[i] == "4"): null

2024-03-06 09:45:09 - [TEST_STEP][PASSED] - else if (digits[i] == "5"): null

2024-03-06 09:45:09 - [TEST_STEP][PASSED] - else if (digits[i] == "6"): null

2024-03-06 09:45:09 - [TEST_STEP][PASSED] - else if (digits[i] == "7"): null

2024-03-06 09:45:09 - [TEST_STEP][PASSED] - else if (digits[i] == "8"): null

2024-03-06 09:45:09 - [TEST_STEP][PASSED] - else if (digits[i] == "9"): null

2024-03-06 09:45:09 - [TEST_STEP][PASSED] - else if (digits[i] == "0"): Object Object Repository/Calc_Pad/android.widget.TextView - 0 not found

2024-03-06 09:45:09 - [TEST_STEP][PASSED] - tap(findTestObject("Object Repository/Calc_Pad/android.widget.TextView - 0"), 5, OPTIONAL): Object Object Repository/Calc_Pad/android.widget.TextView - 0 not found

2024-03-06 09:45:14 - [MESSAGE][WARNING] - Object Object Repository/Calc_Pad/android.widget.TextView - 0 not found

2024-03-06 09:45:14 - [TEST_STEP][PASSED] - if (digits[i] == "1"): null

2024-03-06 09:45:14 - [TEST_STEP][PASSED] - else if (digits[i] == "2"): null

2024-03-06 09:45:14 - [TEST_STEP][PASSED] - else if (digits[i] == "3"): null

2024-03-06 09:45:14 - [TEST_STEP][PASSED] - else if (digits[i] == "4"): null

2024-03-06 09:45:14 - [TEST_STEP][PASSED] - else if (digits[i] == "5"): null

2024-03-06 09:45:14 - [TEST_STEP][PASSED] - else if (digits[i] == "6"): null

2024-03-06 09:45:14 - [TEST_STEP][PASSED] - else if (digits[i] == "7"): null

2024-03-06 09:45:14 - [TEST_STEP][PASSED] - else if (digits[i] == "8"): null

2024-03-06 09:45:14 - [TEST_STEP][PASSED] - else if (digits[i] == "9"): null

2024-03-06 09:45:14 - [TEST_STEP][PASSED] - else if (digits[i] == "0"): Object Object Repository/Calc_Pad/android.widget.TextView - 0 not found

2024-03-06 09:45:14 - [TEST_STEP][PASSED] - tap(findTestObject("Object Repository/Calc_Pad/android.widget.TextView - 0"), 5, OPTIONAL): Object Object Repository/Calc_Pad/android.widget.TextView - 0 not found

2024-03-06 09:45:20 - [MESSAGE][WARNING] - Object Object Repository/Calc_Pad/android.widget.TextView - 0 not found

2024-03-06 09:45:20 - [TEST_STEP][PASSED] - if (digits[i] == "1"): null

2024-03-06 09:45:20 - [TEST_STEP][PASSED] - else if (digits[i] == "2"): null

2024-03-06 09:45:20 - [TEST_STEP][PASSED] - else if (digits[i] == "3"): null

2024-03-06 09:45:20 - [TEST_STEP][PASSED] - else if (digits[i] == "4"): null

2024-03-06 09:45:20 - [TEST_STEP][PASSED] - else if (digits[i] == "5"): null

2024-03-06 09:45:20 - [TEST_STEP][PASSED] - else if (digits[i] == "6"): null

2024-03-06 09:45:20 - [TEST_STEP][PASSED] - else if (digits[i] == "7"): null

2024-03-06 09:45:20 - [TEST_STEP][PASSED] - else if (digits[i] == "8"): null

2024-03-06 09:45:20 - [TEST_STEP][PASSED] - else if (digits[i] == "9"): null

2024-03-06 09:45:20 - [TEST_STEP][PASSED] - else if (digits[i] == "0"): Object Object Repository/Calc_Pad/android.widget.TextView - 0 not found

2024-03-06 09:45:20 - [TEST_STEP][PASSED] - tap(findTestObject("Object Repository/Calc_Pad/android.widget.TextView - 0"), 5, OPTIONAL): Object Object Repository/Calc_Pad/android.widget.TextView - 0 not found

2024-03-06 09:45:25 - [MESSAGE][WARNING] - Object Object Repository/Calc_Pad/android.widget.TextView - 0 not found

2024-03-06 09:45:25 - [TEST_STEP][PASSED] - if (digits[i] == "1"): null

2024-03-06 09:45:25 - [TEST_STEP][PASSED] - else if (digits[i] == "2"): null

2024-03-06 09:45:25 - [TEST_STEP][PASSED] - else if (digits[i] == "3"): null

2024-03-06 09:45:25 - [TEST_STEP][PASSED] - else if (digits[i] == "4"): null

2024-03-06 09:45:25 - [TEST_STEP][PASSED] - else if (digits[i] == "5"): null

2024-03-06 09:45:25 - [TEST_STEP][PASSED] - else if (digits[i] == "6"): null

2024-03-06 09:45:25 - [TEST_STEP][PASSED] - else if (digits[i] == "7"): null

2024-03-06 09:45:25 - [TEST_STEP][PASSED] - else if (digits[i] == "8"): null

2024-03-06 09:45:25 - [TEST_STEP][PASSED] - else if (digits[i] == "9"): null

2024-03-06 09:45:25 - [TEST_STEP][PASSED] - else if (digits[i] == "0"): Object Object Repository/Calc_Pad/android.widget.TextView - 0 not found

2024-03-06 09:45:25 - [TEST_STEP][PASSED] - tap(findTestObject("Object Repository/Calc_Pad/android.widget.TextView - 0"), 5, OPTIONAL): Object Object Repository/Calc_Pad/android.widget.TextView - 0 not found

2024-03-06 09:45:30 - [MESSAGE][WARNING] - Object Object Repository/Calc_Pad/android.widget.TextView - 0 not found

2024-03-06 09:45:30 - [TEST_STEP][PASSED] - if (digits[i] == "1"): null

2024-03-06 09:45:30 - [TEST_STEP][PASSED] - else if (digits[i] == "2"): null

2024-03-06 09:45:30 - [TEST_STEP][PASSED] - else if (digits[i] == "3"): null

2024-03-06 09:45:30 - [TEST_STEP][PASSED] - else if (digits[i] == "4"): null

2024-03-06 09:45:30 - [TEST_STEP][PASSED] - else if (digits[i] == "5"): null

2024-03-06 09:45:30 - [TEST_STEP][PASSED] - else if (digits[i] == "6"): null

2024-03-06 09:45:30 - [TEST_STEP][PASSED] - else if (digits[i] == "7"): null

2024-03-06 09:45:30 - [TEST_STEP][PASSED] - else if (digits[i] == "8"): null

2024-03-06 09:45:30 - [TEST_STEP][PASSED] - else if (digits[i] == "9"): null

2024-03-06 09:45:30 - [TEST_STEP][PASSED] - else if (digits[i] == "0"): Object Object Repository/Calc_Pad/android.widget.TextView - 0 not found

2024-03-06 09:45:30 - [TEST_STEP][PASSED] - tap(findTestObject("Object Repository/Calc_Pad/android.widget.TextView - 0"), 5, OPTIONAL): Object Object Repository/Calc_Pad/android.widget.TextView - 0 not found

2024-03-06 09:45:35 - [MESSAGE][WARNING] - Object Object Repository/Calc_Pad/android.widget.TextView - 0 not found

2024-03-06 09:45:35 - [TEST_STEP][PASSED] - if (digits[i] == "1"): null

2024-03-06 09:45:35 - [TEST_STEP][PASSED] - else if (digits[i] == "2"): null

2024-03-06 09:45:35 - [TEST_STEP][PASSED] - else if (digits[i] == "3"): null

2024-03-06 09:45:35 - [TEST_STEP][PASSED] - else if (digits[i] == "4"): null

2024-03-06 09:45:35 - [TEST_STEP][PASSED] - else if (digits[i] == "5"): null

2024-03-06 09:45:35 - [TEST_STEP][PASSED] - else if (digits[i] == "6"): null

2024-03-06 09:45:35 - [TEST_STEP][PASSED] - else if (digits[i] == "7"): null

2024-03-06 09:45:35 - [TEST_STEP][PASSED] - else if (digits[i] == "8"): null

2024-03-06 09:45:35 - [TEST_STEP][PASSED] - else if (digits[i] == "9"): null

2024-03-06 09:45:35 - [TEST_STEP][PASSED] - else if (digits[i] == "0"): Object Object Repository/Calc_Pad/android.widget.TextView - 0 not found

2024-03-06 09:45:35 - [TEST_STEP][PASSED] - tap(findTestObject("Object Repository/Calc_Pad/android.widget.TextView - 0"), 5, OPTIONAL): Object Object Repository/Calc_Pad/android.widget.TextView - 0 not found

2024-03-06 09:45:40 - [MESSAGE][WARNING] - Object Object Repository/Calc_Pad/android.widget.TextView - 0 not found

2024-03-06 09:45:40 - [TEST_STEP][PASSED] - if (digits[i] == "1"): null

2024-03-06 09:45:40 - [TEST_STEP][PASSED] - else if (digits[i] == "2"): null

2024-03-06 09:45:40 - [TEST_STEP][PASSED] - else if (digits[i] == "3"): null

2024-03-06 09:45:40 - [TEST_STEP][PASSED] - else if (digits[i] == "4"): null

2024-03-06 09:45:40 - [TEST_STEP][PASSED] - else if (digits[i] == "5"): null

2024-03-06 09:45:40 - [TEST_STEP][PASSED] - else if (digits[i] == "6"): null

2024-03-06 09:45:40 - [TEST_STEP][PASSED] - else if (digits[i] == "7"): null

2024-03-06 09:45:40 - [TEST_STEP][PASSED] - else if (digits[i] == "8"): null

2024-03-06 09:45:40 - [TEST_STEP][PASSED] - else if (digits[i] == "9"): null

2024-03-06 09:45:40 - [TEST_STEP][PASSED] - else if (digits[i] == "0"): Object Object Repository/Calc_Pad/android.widget.TextView - 0 not found

2024-03-06 09:45:40 - [TEST_STEP][PASSED] - tap(findTestObject("Object Repository/Calc_Pad/android.widget.TextView - 0"), 5, OPTIONAL): Object Object Repository/Calc_Pad/android.widget.TextView - 0 not found

2024-03-06 09:45:45 - [MESSAGE][WARNING] - Object Object Repository/Calc_Pad/android.widget.TextView - 0 not found

2024-03-06 09:45:45 - [TEST_STEP][PASSED] - if (digits[i] == "1"): null

2024-03-06 09:45:45 - [TEST_STEP][PASSED] - else if (digits[i] == "2"): null

2024-03-06 09:45:45 - [TEST_STEP][PASSED] - else if (digits[i] == "3"): null

2024-03-06 09:45:45 - [TEST_STEP][PASSED] - else if (digits[i] == "4"): null

2024-03-06 09:45:45 - [TEST_STEP][PASSED] - else if (digits[i] == "5"): null

2024-03-06 09:45:45 - [TEST_STEP][PASSED] - else if (digits[i] == "6"): null

2024-03-06 09:45:45 - [TEST_STEP][PASSED] - else if (digits[i] == "7"): null

2024-03-06 09:45:45 - [TEST_STEP][PASSED] - else if (digits[i] == "8"): null

2024-03-06 09:45:45 - [TEST_STEP][PASSED] - else if (digits[i] == "9"): null

2024-03-06 09:45:45 - [TEST_STEP][PASSED] - else if (digits[i] == "0"): Object Object Repository/Calc_Pad/android.widget.TextView - 0 not found

2024-03-06 09:45:45 - [TEST_STEP][PASSED] - tap(findTestObject("Object Repository/Calc_Pad/android.widget.TextView - 0"), 5, OPTIONAL): Object Object Repository/Calc_Pad/android.widget.TextView - 0 not found

2024-03-06 09:45:50 - [MESSAGE][WARNING] - Object Object Repository/Calc_Pad/android.widget.TextView - 0 not found

2024-03-06 09:45:50 - [TEST_STEP][PASSED] - if (digits[i] == "1"): null

2024-03-06 09:45:50 - [TEST_STEP][PASSED] - else if (digits[i] == "2"): null

2024-03-06 09:45:50 - [TEST_STEP][PASSED] - else if (digits[i] == "3"): null

2024-03-06 09:45:50 - [TEST_STEP][PASSED] - else if (digits[i] == "4"): null

2024-03-06 09:45:50 - [TEST_STEP][PASSED] - else if (digits[i] == "5"): null

2024-03-06 09:45:50 - [TEST_STEP][PASSED] - else if (digits[i] == "6"): null

2024-03-06 09:45:50 - [TEST_STEP][PASSED] - else if (digits[i] == "7"): null

2024-03-06 09:45:50 - [TEST_STEP][PASSED] - else if (digits[i] == "8"): null

2024-03-06 09:45:50 - [TEST_STEP][PASSED] - else if (digits[i] == "9"): null

2024-03-06 09:45:50 - [TEST_STEP][PASSED] - else if (digits[i] == "0"): Object Object Repository/Calc_Pad/android.widget.TextView - 0 not found

2024-03-06 09:45:50 - [TEST_STEP][PASSED] - tap(findTestObject("Object Repository/Calc_Pad/android.widget.TextView - 0"), 5, OPTIONAL): Object Object Repository/Calc_Pad/android.widget.TextView - 0 not found

2024-03-06 09:45:55 - [MESSAGE][WARNING] - Object Object Repository/Calc_Pad/android.widget.TextView - 0 not found

2024-03-06 09:45:55 - [TEST_STEP][PASSED] - if (digits[i] == "1"): null

2024-03-06 09:45:55 - [TEST_STEP][PASSED] - else if (digits[i] == "2"): null

2024-03-06 09:45:55 - [TEST_STEP][PASSED] - else if (digits[i] == "3"): null

2024-03-06 09:45:55 - [TEST_STEP][PASSED] - else if (digits[i] == "4"): null

2024-03-06 09:45:55 - [TEST_STEP][PASSED] - else if (digits[i] == "5"): null

2024-03-06 09:45:55 - [TEST_STEP][PASSED] - else if (digits[i] == "6"): null

2024-03-06 09:45:55 - [TEST_STEP][PASSED] - else if (digits[i] == "7"): null

2024-03-06 09:45:55 - [TEST_STEP][PASSED] - else if (digits[i] == "8"): null

2024-03-06 09:45:55 - [TEST_STEP][PASSED] - else if (digits[i] == "9"): null

2024-03-06 09:45:55 - [TEST_STEP][PASSED] - else if (digits[i] == "0"): Object Object Repository/Calc_Pad/android.widget.TextView - 0 not found

2024-03-06 09:45:55 - [TEST_STEP][PASSED] - tap(findTestObject("Object Repository/Calc_Pad/android.widget.TextView - 0"), 5, OPTIONAL): Object Object Repository/Calc_Pad/android.widget.TextView - 0 not found

2024-03-06 09:46:00 - [MESSAGE][WARNING] - Object Object Repository/Calc_Pad/android.widget.TextView - 0 not found

2024-03-06 09:46:00 - [TEST_STEP][PASSED] - tap(findTestObject("Object Repository/Calc_Pad/android.widget.Image"), 5, OPTIONAL): Object Object Repository/Calc_Pad/android.widget.Image not found

2024-03-06 09:46:05 - [MESSAGE][WARNING] - Object Object Repository/Calc_Pad/android.widget.Image not found

2024-03-06 09:46:05 - [TEST_STEP][PASSED] - waitForElementPresent(findTestObject("Global Account Page/dynamicText", ["text":"Reach the max value: USD1,000,000.00"]), 5, OPTIONAL): Element 'Object Repository/Global Account Page/dynamicText' is present

2024-03-06 09:46:06 - [MESSAGE][PASSED] - Element 'Object Repository/Global Account Page/dynamicText' is present

2024-03-06 09:46:06 - [TEST_STEP][PASSED] - verifyElementExist(findTestObject("Global Account Page/dynamicText", ["text":"Reach the max value: USD1,000,000.00"]), 5, OPTIONAL): Element 'Object Repository/Global Account Page/dynamicText' is exist

2024-03-06 09:46:06 - [MESSAGE][PASSED] - Element 'Object Repository/Global Account Page/dynamicText' is exist

2024-03-06 09:46:06 - [TEST_STEP][PASSED] - takeScreenshot(): Screenshot is taken

2024-03-06 09:46:06 - [MESSAGE][PASSED] - Screenshot is taken
[[ATTACHMENT|/Users/00145409nuralianatasha/Desktop/automation_Retail_FX(public_git)/Reports/20240306_093654/SOW2/Verify Account/20240306_093654/1709689566177.png]]

2024-03-06 09:46:06 - [TEST_STEP][PASSED] - waitForElementPresent(findTestObject("Global Account Page/dynamicText", ["text":"Step 1 of 2"]), 5, CONTINUE_ON_FAILURE): Element 'Object Repository/Global Account Page/dynamicText' is present

2024-03-06 09:46:06 - [MESSAGE][PASSED] - Element 'Object Repository/Global Account Page/dynamicText' is present

2024-03-06 09:46:06 - [TEST_STEP][PASSED] - verifyElementExist(findTestObject("SOW2-Market Order/BackButton_MarketOrder"), 5, CONTINUE_ON_FAILURE): Element 'Object Repository/SOW2-Market Order/BackButton_MarketOrder' is exist

2024-03-06 09:46:06 - [MESSAGE][PASSED] - Element 'Object Repository/SOW2-Market Order/BackButton_MarketOrder' is exist

2024-03-06 09:46:06 - [TEST_STEP][PASSED] - verifyElementExist(findTestObject("SOW2-Market Order/CancelButtone_MarketOrder"), 5, CONTINUE_ON_FAILURE): Element 'Object Repository/SOW2-Market Order/CancelButtone_MarketOrder' is exist

2024-03-06 09:46:06 - [MESSAGE][PASSED] - Element 'Object Repository/SOW2-Market Order/CancelButtone_MarketOrder' is exist

2024-03-06 09:46:06 - [TEST_STEP][PASSED] - verifyElementExist(findTestObject("Global Account Page/dynamicText", ["text":"Step 1 of 2"]), 5, CONTINUE_ON_FAILURE): Element 'Object Repository/Global Account Page/dynamicText' is exist

2024-03-06 09:46:06 - [MESSAGE][PASSED] - Element 'Object Repository/Global Account Page/dynamicText' is exist

2024-03-06 09:46:06 - [TEST_STEP][PASSED] - verifyElementExist(findTestObject("Market Order Page/android.widget.TextView - Im converting"), 5, CONTINUE_ON_FAILURE): Element 'Object Repository/Market Order Page/android.widget.TextView - Im converting' is exist

2024-03-06 09:46:07 - [MESSAGE][PASSED] - Element 'Object Repository/Market Order Page/android.widget.TextView - Im converting' is exist

2024-03-06 09:46:07 - [TEST_STEP][PASSED] - verifyElementExist(findTestObject("Global Account Page/dynamicText", ["text":"to"]), 5, CONTINUE_ON_FAILURE): Element 'Object Repository/Global Account Page/dynamicText' is exist

2024-03-06 09:46:07 - [MESSAGE][PASSED] - Element 'Object Repository/Global Account Page/dynamicText' is exist

2024-03-06 09:46:07 - [TEST_STEP][FAILED] - verifyElementExist(findTestObject("Global Account Page/dynamicText", ["text":"Select currency"]), 5, CONTINUE_ON_FAILURE): Element 'Object Repository/Global Account Page/dynamicText' not found

2024-03-06 09:46:12 - [MESSAGE][FAILED] - Element 'Object Repository/Global Account Page/dynamicText' not found

2024-03-06 09:46:12 - [TEST_STEP][FAILED] - verifyElementExist(findTestObject("Global Account Page/dynamicText", ["text":"Next"]), 5, CONTINUE_ON_FAILURE): Element 'Object Repository/Global Account Page/dynamicText' not found

2024-03-06 09:46:17 - [MESSAGE][FAILED] - Element 'Object Repository/Global Account Page/dynamicText' not found

2024-03-06 09:46:17 - [TEST_STEP][PASSED] - comment("TC034"): TC034

2024-03-06 09:46:17 - [MESSAGE][INFO] - TC034

2024-03-06 09:46:17 - [TEST_STEP][PASSED] - verifyElementExist(findTestObject("Global Account Page/dynamicText", ["text":"MYR"]), 5, CONTINUE_ON_FAILURE): Element 'Object Repository/Global Account Page/dynamicText' is exist

2024-03-06 09:46:17 - [MESSAGE][PASSED] - Element 'Object Repository/Global Account Page/dynamicText' is exist

2024-03-06 09:46:17 - [TEST_STEP][PASSED] - takeScreenshot(): Screenshot is taken

2024-03-06 09:46:17 - [MESSAGE][PASSED] - Screenshot is taken
[[ATTACHMENT|/Users/00145409nuralianatasha/Desktop/automation_Retail_FX(public_git)/Reports/20240306_093654/SOW2/Verify Account/20240306_093654/1709689577547.png]]

2024-03-06 09:46:17 - [TEST_STEP][PASSED] - comment("TC031"): TC031

2024-03-06 09:46:17 - [MESSAGE][INFO] - TC031

2024-03-06 09:46:17 - [TEST_STEP][PASSED] - tap(findTestObject("SOW2-Market Order/BackButton_MarketOrder"), 0, CONTINUE_ON_FAILURE): Tapped on element 'Object Repository/SOW2-Market Order/BackButton_MarketOrder'

2024-03-06 09:46:17 - [MESSAGE][WARNING] - Timeout '0' is invalid. Using default page load timeout: '30'

2024-03-06 09:46:18 - [MESSAGE][PASSED] - Tapped on element 'Object Repository/SOW2-Market Order/BackButton_MarketOrder'

2024-03-06 09:46:18 - [TEST_STEP][PASSED] - waitForElementPresent(findTestObject("Global Account Page/dynamicText", ["text":"Convert Currency"]), 5, CONTINUE_ON_FAILURE): Element 'Object Repository/Global Account Page/dynamicText' is present

2024-03-06 09:46:19 - [MESSAGE][PASSED] - Element 'Object Repository/Global Account Page/dynamicText' is present

2024-03-06 09:46:19 - [TEST_STEP][PASSED] - takeScreenshot(): Screenshot is taken

2024-03-06 09:46:19 - [MESSAGE][PASSED] - Screenshot is taken
[[ATTACHMENT|/Users/00145409nuralianatasha/Desktop/automation_Retail_FX(public_git)/Reports/20240306_093654/SOW2/Verify Account/20240306_093654/1709689579315.png]]

2024-03-06 09:46:19 - [TEST_STEP][PASSED] - tap(findTestObject("Global Account Page/dynamicText", ["text":"Convert Currency"]), 5, CONTINUE_ON_FAILURE): Tapped on element 'Object Repository/Global Account Page/dynamicText'

2024-03-06 09:46:20 - [MESSAGE][PASSED] - Tapped on element 'Object Repository/Global Account Page/dynamicText'

2024-03-06 09:46:20 - [TEST_STEP][PASSED] - waitForElementPresent(findTestObject("Market Order Page/android.widget.TextView - Im converting"), 5, CONTINUE_ON_FAILURE): Element 'Object Repository/Market Order Page/android.widget.TextView - Im converting' is present

2024-03-06 09:46:24 - [MESSAGE][PASSED] - Element 'Object Repository/Market Order Page/android.widget.TextView - Im converting' is present

2024-03-06 09:46:24 - [TEST_STEP][PASSED] - verifyElementExist(findTestObject("Market Order Page/android.widget.TextView - Im converting"), 5, CONTINUE_ON_FAILURE): Element 'Object Repository/Market Order Page/android.widget.TextView - Im converting' is exist

2024-03-06 09:46:24 - [MESSAGE][PASSED] - Element 'Object Repository/Market Order Page/android.widget.TextView - Im converting' is exist

2024-03-06 09:46:24 - [TEST_STEP][PASSED] - takeScreenshot(CONTINUE_ON_FAILURE): Screenshot is taken

2024-03-06 09:46:24 - [MESSAGE][PASSED] - Screenshot is taken
[[ATTACHMENT|/Users/00145409nuralianatasha/Desktop/automation_Retail_FX(public_git)/Reports/20240306_093654/SOW2/Verify Account/20240306_093654/1709689584166.png]]

2024-03-06 09:46:24 - [TEST_STEP][PASSED] - comment("TC032"): TC032

2024-03-06 09:46:24 - [MESSAGE][INFO] - TC032

[...]
	at io.appium.java_client.android.AndroidElement.execute(AndroidElement.java:1)
	at org.openqa.selenium.remote.RemoteWebElement.getLocation(RemoteWebElement.java:337)
	at org.openqa.selenium.WebElement$getLocation.call(Unknown Source)
	at com.kms.katalon.core.mobile.keyword.internal.MobileAbstractKeyword.findElement(MobileAbstractKeyword.groovy:86)
	at com.kms.katalon.core.mobile.keyword.builtin.WaitForElementPresentKeyword.access$1(WaitForElementPresentKeyword.groovy)
	at com.kms.katalon.core.mobile.keyword.builtin.WaitForElementPresentKeyword$_waitForElementPresent_closure1.doCall(WaitForElementPresentKeyword.groovy:72)
	at com.kms.katalon.core.mobile.keyword.builtin.WaitForElementPresentKeyword$_waitForElementPresent_closure1.call(WaitForElementPresentKeyword.groovy)
	at com.kms.katalon.core.mobile.keyword.internal.MobileKeywordMain.runKeyword(MobileKeywordMain.groovy:21)
	at com.kms.katalon.core.mobile.keyword.builtin.WaitForElementPresentKeyword.waitForElementPresent(WaitForElementPresentKeyword.groovy:80)
	at com.kms.katalon.core.mobile.keyword.builtin.WaitForElementPresentKeyword.execute(WaitForElementPresentKeyword.groovy:64)
	at com.kms.katalon.core.keyword.internal.KeywordExecutor.executeKeywordForPlatform(KeywordExecutor.groovy:74)
	at com.kms.katalon.core.mobile.keyword.MobileBuiltInKeywords.waitForElementPresent(MobileBuiltInKeywords.groovy:1673)
	at com.kms.katalon.core.mobile.keyword.MobileBuiltInKeywords$waitForElementPresent$3.call(Unknown Source)
	at SOW2-Account Selection Validation.run(SOW2-Account Selection Validation:200)
	at com.kms.katalon.core.main.ScriptEngine.run(ScriptEngine.java:194)
	at com.kms.katalon.core.main.ScriptEngine.runScriptAsRawText(ScriptEngine.java:119)
	at com.kms.katalon.core.main.TestCaseExecutor.runScript(TestCaseExecutor.java:448)
	at com.kms.katalon.core.main.TestCaseExecutor.doExecute(TestCaseExecutor.java:439)
	at com.kms.katalon.core.main.TestCaseExecutor.processExecutionPhase(TestCaseExecutor.java:418)
	at com.kms.katalon.core.main.TestCaseExecutor.accessMainPhase(TestCaseExecutor.java:410)
	at com.kms.katalon.core.main.TestCaseExecutor.execute(TestCaseExecutor.java:285)
	at com.kms.katalon.core.common.CommonExecutor.accessTestCaseMainPhase(CommonExecutor.java:65)
	at com.kms.katalon.core.main.TestSuiteExecutor.accessTestSuiteMainPhase(TestSuiteExecutor.java:148)
	at com.kms.katalon.core.main.TestSuiteExecutor.execute(TestSuiteExecutor.java:106)
	at com.kms.katalon.core.main.TestCaseMain.startTestSuite(TestCaseMain.java:187)
	at com.kms.katalon.core.main.TestCaseMain$startTestSuite$0.call(Unknown Source)
	at TempTestSuite1709689014903.run(TempTestSuite1709689014903.groovy:36)
)

2024-03-06 09:57:19 - [MESSAGE][FAILED] - Failed to wait for element present (Root cause: org.openqa.selenium.StaleElementReferenceException: Cached elements 'By.xpath: //*[@class = 'android.widget.TextView' and (@text = 'Terms and Conditions')]' do not exist in DOM anymore
For documentation on this error, please visit: https://www.seleniumhq.org/exceptions/stale_element_reference.html
Build info: version: '3.141.59', revision: 'e82be7d358', time: '2018-11-14T08:25:53'
System info: host: '00145409s-MacBook-Pro.local', ip: '2001:e68:614b:1000:602a:2218:f4a:8e2f%en0', os.name: 'Mac OS X', os.arch: 'x86_64', os.version: '10.16', java.version: '1.8.0_275'
Driver info: com.kms.katalon.core.appium.driver.SwipeableAndroidDriver
Capabilities {appActivity: .Settings, appPackage: com.android.settings, appWaitActivity: , autoGrantPermission: true, autoGrantPermissions: true, automationName: uiautomator2, chromedriverPort: 51910, databaseEnabled: false, desired: {appActivity: .Settings, appPackage: com.android.settings, appWaitActivity: , autoGrantPermission: true, autoGrantPermissions: true, automationName: uiautomator2, chromedriverPort: 51910, deviceId: , deviceName: emulator-5554 (sdk_gphone64..., newCommandTimeout: 10000, noReset: true, platform: ANDROID, platformName: android, platformVersion: 13, systemPort: 8202, udid: emulator-5554}, deviceApiLevel: 33, deviceId: , deviceManufacturer: Google, deviceModel: sdk_gphone64_arm64, deviceName: emulator-5554, deviceScreenDensity: 440, deviceScreenSize: 1080x2340, deviceUDID: emulator-5554, javascriptEnabled: true, locationContextEnabled: false, networkConnectionEnabled: true, newCommandTimeout: 10000, noReset: true, pixelRatio: 2.75, platform: ANDROID, platformName: Android, platformVersion: 13, statBarHeight: 145, systemPort: 8202, takesScreenshot: true, udid: emulator-5554, viewportRect: {height: 1993, left: 0, top: 145, width: 1080}, warnings: {}, webStorageEnabled: false}
Session ID: 40cd25f2-e1d0-4cb1-bc34-a784f9218090
	at org.openqa.selenium.remote.http.W3CHttpResponseCodec.createException(W3CHttpResponseCodec.java:187)
	at org.openqa.selenium.remote.http.W3CHttpResponseCodec.decode(W3CHttpResponseCodec.java:122)
	at org.openqa.selenium.remote.http.W3CHttpResponseCodec.decode(W3CHttpResponseCodec.java:49)
	at org.openqa.selenium.remote.HttpCommandExecutor.execute(HttpCommandExecutor.java:158)
	at io.appium.java_client.remote.AppiumCommandExecutor.execute(AppiumCommandExecutor.java:239)
	at org.openqa.selenium.remote.RemoteWebDriver.execute(RemoteWebDriver.java:552)
	at io.appium.java_client.DefaultGenericMobileDriver.execute(DefaultGenericMobileDriver.java:42)
	at io.appium.java_client.AppiumDriver.execute(AppiumDriver.java:1)
	at io.appium.java_client.android.AndroidDriver.execute(AndroidDriver.java:1)
	at com.kms.katalon.core.appium.driver.SwipeableAndroidDriver.execute(SwipeableAndroidDriver.java:1)
	at org.openqa.selenium.remote.RemoteWebElement.execute(RemoteWebElement.java:285)
	at io.appium.java_client.DefaultGenericMobileElement.execute(DefaultGenericMobileElement.java:45)
	at io.appium.java_client.MobileElement.execute(MobileElement.java:1)
	at io.appium.java_client.android.AndroidElement.execute(AndroidElement.java:1)
	at org.openqa.selenium.remote.RemoteWebElement.getLocation(RemoteWebElement.java:337)
	at org.openqa.selenium.WebElement$getLocation.call(Unknown Source)
	at com.kms.katalon.core.mobile.keyword.internal.MobileAbstractKeyword.findElement(MobileAbstractKeyword.groovy:86)
	at com.kms.katalon.core.mobile.keyword.builtin.WaitForElementPresentKeyword.access$1(WaitForElementPresentKeyword.groovy)
	at com.kms.katalon.core.mobile.keyword.builtin.WaitForElementPresentKeyword$_waitForElementPresent_closure1.doCall(WaitForElementPresentKeyword.groovy:72)
	at com.kms.katalon.core.mobile.keyword.builtin.WaitForElementPresentKeyword$_waitForElementPresent_closure1.call(WaitForElementPresentKeyword.groovy)
	at com.kms.katalon.core.mobile.keyword.internal.MobileKeywordMain.runKeyword(MobileKeywordMain.groovy:21)
	at com.kms.katalon.core.mobile.keyword.builtin.WaitForElementPresentKeyword.waitForElementPresent(WaitForElementPresentKeyword.groovy:80)
	at com.kms.katalon.core.mobile.keyword.builtin.WaitForElementPresentKeyword.execute(WaitForElementPresentKeyword.groovy:64)
	at com.kms.katalon.core.keyword.internal.KeywordExecutor.executeKeywordForPlatform(KeywordExecutor.groovy:74)
	at com.kms.katalon.core.mobile.keyword.MobileBuiltInKeywords.waitForElementPresent(MobileBuiltInKeywords.groovy:1673)
	at com.kms.katalon.core.mobile.keyword.MobileBuiltInKeywords$waitForElementPresent$3.call(Unknown Source)
	at SOW2-Account Selection Validation.run(SOW2-Account Selection Validation:200)
	at com.kms.katalon.core.main.ScriptEngine.run(ScriptEngine.java:194)
	at com.kms.katalon.core.main.ScriptEngine.runScriptAsRawText(ScriptEngine.java:119)
	at com.kms.katalon.core.main.TestCaseExecutor.runScript(TestCaseExecutor.java:448)
	at com.kms.katalon.core.main.TestCaseExecutor.doExecute(TestCaseExecutor.java:439)
	at com.kms.katalon.core.main.TestCaseExecutor.processExecutionPhase(TestCaseExecutor.java:418)
	at com.kms.katalon.core.main.TestCaseExecutor.accessMainPhase(TestCaseExecutor.java:410)
	at com.kms.katalon.core.main.TestCaseExecutor.execute(TestCaseExecutor.java:285)
	at com.kms.katalon.core.common.CommonExecutor.accessTestCaseMainPhase(CommonExecutor.java:65)
	at com.kms.katalon.core.main.TestSuiteExecutor.accessTestSuiteMainPhase(TestSuiteExecutor.java:148)
	at com.kms.katalon.core.main.TestSuiteExecutor.execute(TestSuiteExecutor.java:106)
	at com.kms.katalon.core.main.TestCaseMain.startTestSuite(TestCaseMain.java:187)
	at com.kms.katalon.core.main.TestCaseMain$startTestSuite$0.call(Unknown Source)
	at TempTestSuite1709689014903.run(TempTestSuite1709689014903.groovy:36)
)
[[ATTACHMENT|/Users/00145409nuralianatasha/Desktop/automation_Retail_FX(public_git)/Reports/20240306_093654/SOW2/Verify Account/20240306_093654/1709690239082.png]]

2024-03-06 09:57:19 - [TEST_STEP][PASSED] - verifyElementExist(findTestObject("Global Account Page/dynamicText", ["text":"Terms and Conditions"]), 5, CONTINUE_ON_FAILURE): Element 'Object Repository/Global Account Page/dynamicText' is exist

2024-03-06 09:57:19 - [MESSAGE][PASSED] - Element 'Object Repository/Global Account Page/dynamicText' is exist

2024-03-06 09:57:19 - [TEST_STEP][PASSED] - takeScreenshot(): Screenshot is taken

2024-03-06 09:57:20 - [MESSAGE][PASSED] - Screenshot is taken
[[ATTACHMENT|/Users/00145409nuralianatasha/Desktop/automation_Retail_FX(public_git)/Reports/20240306_093654/SOW2/Verify Account/20240306_093654/1709690239793.png]]

2024-03-06 09:57:20 - [TEST_STEP][PASSED] - tap(findTestObject("SOW2-Market Order/Term_And_Condition/android.widget.ImageView_BackButtonTermandCondition"), 5, CONTINUE_ON_FAILURE): Tapped on element 'Object Repository/SOW2-Market Order/Term_And_Condition/android.widget.ImageView_BackButtonTermandCondition'

2024-03-06 09:57:20 - [MESSAGE][PASSED] - Tapped on element 'Object Repository/SOW2-Market Order/Term_And_Condition/android.widget.ImageView_BackButtonTermandCondition'

2024-03-06 09:57:20 - [TEST_STEP][PASSED] - tap(findTestObject("SOW2-Market Order/Term_And_Condition/android.widget.TextView - declaration"), 5, CONTINUE_ON_FAILURE): Tapped on element 'Object Repository/SOW2-Market Order/Term_And_Condition/android.widget.TextView - declaration'

2024-03-06 09:57:21 - [MESSAGE][PASSED] - Tapped on element 'Object Repository/SOW2-Market Order/Term_And_Condition/android.widget.TextView - declaration'

2024-03-06 09:57:21 - [TEST_STEP][PASSED] - waitForElementPresent(findTestObject("Global Account Page/dynamicText", ["text":"Declaration"]), 5, CONTINUE_ON_FAILURE): Element 'Object Repository/Global Account Page/dynamicText' is present

2024-03-06 09:57:22 - [MESSAGE][PASSED] - Element 'Object Repository/Global Account Page/dynamicText' is present

2024-03-06 09:57:22 - [TEST_STEP][PASSED] - verifyElementExist(findTestObject("Global Account Page/dynamicText", ["text":"Declaration"]), 5, CONTINUE_ON_FAILURE): Element 'Object Repository/Global Account Page/dynamicText' is exist

2024-03-06 09:57:22 - [MESSAGE][PASSED] - Element 'Object Repository/Global Account Page/dynamicText' is exist

2024-03-06 09:57:22 - [TEST_STEP][PASSED] - takeScreenshot(): Screenshot is taken

2024-03-06 09:57:23 - [MESSAGE][PASSED] - Screenshot is taken
[[ATTACHMENT|/Users/00145409nuralianatasha/Desktop/automation_Retail_FX(public_git)/Reports/20240306_093654/SOW2/Verify Account/20240306_093654/1709690242733.png]]

2024-03-06 09:57:23 - [TEST_STEP][PASSED] - tap(findTestObject("SOW2-Market Order/Term_And_Condition/android.widget.ImageView_BackButtonDeclaration"), 5, CONTINUE_ON_FAILURE): Tapped on element 'Object Repository/SOW2-Market Order/Term_And_Condition/android.widget.ImageView_BackButtonDeclaration'

2024-03-06 09:57:23 - [MESSAGE][PASSED] - Tapped on element 'Object Repository/SOW2-Market Order/Term_And_Condition/android.widget.ImageView_BackButtonDeclaration']]></system-out>
         <system-err><![CDATA[2024-03-06 09:53:44 - [TEST_CASE][FAILED] - Test Cases/RETAILFX-SOW2 Market Order/Market and Account Selection Validation/SOW2-Account Selection Validation: Test Cases/RETAILFX-SOW2 Market Order/Market and Account Selection Validation/SOW2-Account Selection Validation FAILED.
Reason:
com.kms.katalon.core.exception.StepFailedException: Object Object Repository/Calc_Pad/android.widget.Image not found
	at com.kms.katalon.core.keyword.internal.KeywordMain.stepFailed(KeywordMain.groovy:39)
	at com.kms.katalon.core.mobile.keyword.internal.MobileKeywordMain.stepFailed(MobileKeywordMain.groovy:40)
	at com.kms.katalon.core.mobile.keyword.builtin.TapKeyword$_tap_closure1.doCall(TapKeyword.groovy:79)
	at com.kms.katalon.core.mobile.keyword.builtin.TapKeyword$_tap_closure1.call(TapKeyword.groovy)
	at com.kms.katalon.core.mobile.keyword.internal.MobileKeywordMain.runKeyword(MobileKeywordMain.groovy:21)
	at com.kms.katalon.core.mobile.keyword.builtin.TapKeyword.tap(TapKeyword.groovy:84)
	at com.kms.katalon.core.mobile.keyword.builtin.TapKeyword.execute(TapKeyword.groovy:68)
	at com.kms.katalon.core.keyword.internal.KeywordExecutor.executeKeywordForPlatform(KeywordExecutor.groovy:74)
	at com.kms.katalon.core.mobile.keyword.MobileBuiltInKeywords.tap(MobileBuiltInKeywords.groovy:1490)
	at com.kms.katalon.core.mobile.keyword.MobileBuiltInKeywords$tap$14.call(Unknown Source)
	at SOW2-Account Selection Validation.run(SOW2-Account Selection Validation:82)
	at com.kms.katalon.core.main.ScriptEngine.run(ScriptEngine.java:194)
	at com.kms.katalon.core.main.ScriptEngine.runScriptAsRawText(ScriptEngine.java:119)
	at com.kms.katalon.core.main.TestCaseExecutor.runScript(TestCaseExecutor.java:448)
	at com.kms.katalon.core.main.TestCaseExecutor.doExecute(TestCaseExecutor.java:439)
	at com.kms.katalon.core.main.TestCaseExecutor.processExecutionPhase(TestCaseExecutor.java:418)
	at com.kms.katalon.core.main.TestCaseExecutor.accessMainPhase(TestCaseExecutor.java:410)
	at com.kms.katalon.core.main.TestCaseExecutor.execute(TestCaseExecutor.java:285)
	at com.kms.katalon.core.common.CommonExecutor.accessTestCaseMainPhase(CommonExecutor.java:65)
	at com.kms.katalon.core.main.TestSuiteExecutor.accessTestSuiteMainPhase(TestSuiteExecutor.java:148)
	at com.kms.katalon.core.main.TestSuiteExecutor.execute(TestSuiteExecutor.java:106)
	at com.kms.katalon.core.main.TestCaseMain.startTestSuite(TestCaseMain.java:187)
	at com.kms.katalon.core.main.TestCaseMain$startTestSuite$0.call(Unknown Source)
	at TempTestSuite1709689014903.run(TempTestSuite1709689014903.groovy:36)]]></system-err>
      </testcase>
      <system-out><![CDATA[2024-03-06 09:37:03 - [TEST_SUITE][FAILED] - Verify Account: Test Cases/RETAILFX-SOW2 Market Order/Market and Account Selection Validation/SOW2 - Market Order Validation FAILED.
Reason:
com.kms.katalon.core.exception.StepFailedException: Actual text '951.10' and expected text '47.55' of test object 'Object Repository/SOW2-Market Order/android.widget.TextView _EditText' are NOT matched.
	at com.kms.katalon.core.keyword.internal.KeywordMain.stepFailed(KeywordMain.groovy:39)
	at com.kms.katalon.core.mobile.keyword.internal.MobileKeywordMain.stepFailed(MobileKeywordMain.groovy:40)
	at com.kms.katalon.core.mobile.keyword.builtin.VerifyElementTextKeyword$_verifyElementText_closure1.doCall(VerifyElementTextKeyword.groovy:56)
	at com.kms.katalon.core.mobile.keyword.builtin.VerifyElementTextKeyword$_verifyElementText_closure1.call(VerifyElementTextKeyword.groovy)
	at com.kms.katalon.core.mobile.keyword.internal.MobileKeywordMain.runKeyword(MobileKeywordMain.groovy:21)
	at com.kms.katalon.core.mobile.keyword.builtin.VerifyElementTextKeyword.verifyElementText(VerifyElementTextKeyword.groovy:62)
	at com.kms.katalon.core.mobile.keyword.builtin.VerifyElementTextKeyword.execute(VerifyElementTextKeyword.groovy:39)
	at com.kms.katalon.core.keyword.internal.KeywordExecutor.executeKeywordForPlatform(KeywordExecutor.groovy:74)
	at com.kms.katalon.core.mobile.keyword.MobileBuiltInKeywords.verifyElementText(MobileBuiltInKeywords.groovy:2885)
	at com.kms.katalon.core.mobile.keyword.MobileBuiltInKeywords$verifyElementText$9.call(Unknown Source)
	at SOW2 - Market Order Validation.run(SOW2 - Market Order Validation:175)
	at com.kms.katalon.core.main.ScriptEngine.run(ScriptEngine.java:194)
	at com.kms.katalon.core.main.ScriptEngine.runScriptAsRawText(ScriptEngine.java:119)
	at com.kms.katalon.core.main.TestCaseExecutor.runScript(TestCaseExecutor.java:448)
	at com.kms.katalon.core.main.TestCaseExecutor.doExecute(TestCaseExecutor.java:439)
	at com.kms.katalon.core.main.TestCaseExecutor.processExecutionPhase(TestCaseExecutor.java:418)
	at com.kms.katalon.core.main.TestCaseExecutor.accessMainPhase(TestCaseExecutor.java:410)
	at com.kms.katalon.core.main.TestCaseExecutor.execute(TestCaseExecutor.java:285)
	at com.kms.katalon.core.common.CommonExecutor.accessTestCaseMainPhase(CommonExecutor.java:65)
	at com.kms.katalon.core.main.TestSuiteExecutor.accessTestSuiteMainPhase(TestSuiteExecutor.java:148)
	at com.kms.katalon.core.main.TestSuiteExecutor.execute(TestSuiteExecutor.java:106)
	at com.kms.katalon.core.main.TestCaseMain.startTestSuite(TestCaseMain.java:187)
	at com.kms.katalon.core.main.TestCaseMain$startTestSuite$0.call(Unknown Source)
	at TempTestSuite1709689014903.run(TempTestSuite1709689014903.groovy:36)]]></system-out>
      <system-err><![CDATA[2024-03-06 09:37:03 - [TEST_SUITE][FAILED] - Verify Account: Test Cases/RETAILFX-SOW2 Market Order/Market and Account Selection Validation/SOW2 - Market Order Validation FAILED.
Reason:
com.kms.katalon.core.exception.StepFailedException: Actual text '951.10' and expected text '47.55' of test object 'Object Repository/SOW2-Market Order/android.widget.TextView _EditText' are NOT matched.
	at com.kms.katalon.core.keyword.internal.KeywordMain.stepFailed(KeywordMain.groovy:39)
	at com.kms.katalon.core.mobile.keyword.internal.MobileKeywordMain.stepFailed(MobileKeywordMain.groovy:40)
	at com.kms.katalon.core.mobile.keyword.builtin.VerifyElementTextKeyword$_verifyElementText_closure1.doCall(VerifyElementTextKeyword.groovy:56)
	at com.kms.katalon.core.mobile.keyword.builtin.VerifyElementTextKeyword$_verifyElementText_closure1.call(VerifyElementTextKeyword.groovy)
	at com.kms.katalon.core.mobile.keyword.internal.MobileKeywordMain.runKeyword(MobileKeywordMain.groovy:21)
	at com.kms.katalon.core.mobile.keyword.builtin.VerifyElementTextKeyword.verifyElementText(VerifyElementTextKeyword.groovy:62)
	at com.kms.katalon.core.mobile.keyword.builtin.VerifyElementTextKeyword.execute(VerifyElementTextKeyword.groovy:39)
	at com.kms.katalon.core.keyword.internal.KeywordExecutor.executeKeywordForPlatform(KeywordExecutor.groovy:74)
	at com.kms.katalon.core.mobile.keyword.MobileBuiltInKeywords.verifyElementText(MobileBuiltInKeywords.groovy:2885)
	at com.kms.katalon.core.mobile.keyword.MobileBuiltInKeywords$verifyElementText$9.call(Unknown Source)
	at SOW2 - Market Order Validation.run(SOW2 - Market Order Validation:175)
	at com.kms.katalon.core.main.ScriptEngine.run(ScriptEngine.java:194)
	at com.kms.katalon.core.main.ScriptEngine.runScriptAsRawText(ScriptEngine.java:119)
	at com.kms.katalon.core.main.TestCaseExecutor.runScript(TestCaseExecutor.java:448)
	at com.kms.katalon.core.main.TestCaseExecutor.doExecute(TestCaseExecutor.java:439)
	at com.kms.katalon.core.main.TestCaseExecutor.processExecutionPhase(TestCaseExecutor.java:418)
	at com.kms.katalon.core.main.TestCaseExecutor.accessMainPhase(TestCaseExecutor.java:410)
	at com.kms.katalon.core.main.TestCaseExecutor.execute(TestCaseExecutor.java:285)
	at com.kms.katalon.core.common.CommonExecutor.accessTestCaseMainPhase(CommonExecutor.java:65)
	at com.kms.katalon.core.main.TestSuiteExecutor.accessTestSuiteMainPhase(TestSuiteExecutor.java:148)
	at com.kms.katalon.core.main.TestSuiteExecutor.execute(TestSuiteExecutor.java:106)
	at com.kms.katalon.core.main.TestCaseMain.startTestSuite(TestCaseMain.java:187)
	at com.kms.katalon.core.main.TestCaseMain$startTestSuite$0.call(Unknown Source)
	at TempTestSuite1709689014903.run(TempTestSuite1709689014903.groovy:36)]]></system-err>
   </testsuite>
</testsuites>
